2022-03-25 14:26:40,928-【basepage.py-->line:95】-INFO:在 登录页面--清除密码 查找元素：('xpath', '//input[@placeholder="密码"]').
2022-03-25 14:26:40,960-【basepage.py-->line:73】-INFO:等待 ('xpath', '//input[@placeholder="密码"]') 元素可见.
2022-03-25 14:26:40,975-【basepage.py-->line:95】-INFO:在 登录页面--输入密码 查找元素：('xpath', '//input[@placeholder="密码"]').
2022-03-25 14:26:40,981-【basepage.py-->line:122】-INFO:在 登录页面--输入密码 往元素 ('xpath', '//input[@placeholder="密码"]') 输入文本值：admin.123.
2022-03-25 14:26:41,031-【basepage.py-->line:73】-INFO:等待 ('xpath', '//input[@placeholder="验证码"]') 元素可见.
2022-03-25 14:26:41,054-【basepage.py-->line:95】-INFO:在 登录页面--输入验证码 查找元素：('xpath', '//input[@placeholder="验证码"]').
2022-03-25 14:26:41,058-【basepage.py-->line:122】-INFO:在 登录页面--输入验证码 往元素 ('xpath', '//input[@placeholder="验证码"]') 输入文本值：0000.
2022-03-25 14:26:41,093-【basepage.py-->line:73】-INFO:等待 ('xpath', '//button[@type="button"]') 元素可见.
2022-03-25 14:26:41,107-【basepage.py-->line:95】-INFO:在 登录页面--点击登录按钮 查找元素：('xpath', '//button[@type="button"]').
2022-03-25 14:26:41,112-【basepage.py-->line:110】-INFO:在 登录页面--点击登录按钮 点击('xpath', '//button[@type="button"]')元素.
2022-03-25 14:26:42,138-【basepage.py-->line:73】-INFO:等待 ('xpath', '//span[text()="商品管理"]') 元素可见.
2022-03-25 14:26:42,153-【basepage.py-->line:95】-INFO:在 首页-点击进入商品管理 查找元素：('xpath', '//span[text()="商品管理"]').
2022-03-25 14:26:42,157-【basepage.py-->line:110】-INFO:在 首页-点击进入商品管理 点击('xpath', '//span[text()="商品管理"]')元素.
2022-03-25 14:26:42,192-【basepage.py-->line:73】-INFO:等待 ('xpath', '//*[@id="app"]/div/div[1]/div[2]/div[1]/div/ul/div[5]/li/ul/div[1]/a/li') 元素可见.
2022-03-25 14:26:42,209-【basepage.py-->line:95】-INFO:在 首页--点击进入商户管理 查找元素：('xpath', '//*[@id="app"]/div/div[1]/div[2]/div[1]/div/ul/div[5]/li/ul/div[1]/a/li').
2022-03-25 14:26:42,214-【basepage.py-->line:110】-INFO:在 首页--点击进入商户管理 点击('xpath', '//*[@id="app"]/div/div[1]/div[2]/div[1]/div/ul/div[5]/li/ul/div[1]/a/li')元素.
2022-03-25 14:26:42,268-【basepage.py-->line:73】-INFO:等待 ('xpath', "//input[@placeholder='请输入商户名称']") 元素可见.
2022-03-25 14:26:43,296-【basepage.py-->line:95】-INFO:在 商户管理页面--输入商户名称 查找元素：('xpath', "//input[@placeholder='请输入商户名称']").
2022-03-25 14:26:43,302-【basepage.py-->line:122】-INFO:在 商户管理页面--输入商户名称 往元素 ('xpath', "//input[@placeholder='请输入商户名称']") 输入文本值：（测试）甜品店.
2022-03-25 14:26:43,343-【basepage.py-->line:73】-INFO:等待 ('xpath', "//span[text()='搜索']") 元素可见.
2022-03-25 14:26:43,359-【basepage.py-->line:95】-INFO:在 商户管理页面-- 点击搜索 查找元素：('xpath', "//span[text()='搜索']").
2022-03-25 14:26:43,364-【basepage.py-->line:110】-INFO:在 商户管理页面-- 点击搜索 点击('xpath', "//span[text()='搜索']")元素.
2022-03-25 14:26:45,408-【basepage.py-->line:73】-INFO:等待 ('xpath', "//span[@class='el-pagination__total']") 元素可见.
2022-03-25 14:26:45,422-【basepage.py-->line:95】-INFO:在 商户管理页面-- 获取数目条数 查找元素：('xpath', "//span[@class='el-pagination__total']").
2022-03-25 14:26:45,426-【basepage.py-->line:149】-INFO:在 商户管理页面-- 获取数目条数 获取元素 ('xpath', "//span[@class='el-pagination__total']") 的文本内容.
2022-03-25 14:26:45,433-【basepage.py-->line:157】-INFO:文本值为：共 1 条
2022-03-25 14:26:50,070-【basepage.py-->line:95】-INFO:在 登录页面--清除密码 查找元素：('xpath', '//input[@placeholder="密码"]').
2022-03-25 14:26:50,107-【basepage.py-->line:73】-INFO:等待 ('xpath', '//input[@placeholder="密码"]') 元素可见.
2022-03-25 14:26:50,122-【basepage.py-->line:95】-INFO:在 登录页面--输入密码 查找元素：('xpath', '//input[@placeholder="密码"]').
2022-03-25 14:26:50,127-【basepage.py-->line:122】-INFO:在 登录页面--输入密码 往元素 ('xpath', '//input[@placeholder="密码"]') 输入文本值：admin.123.
2022-03-25 14:26:50,177-【basepage.py-->line:73】-INFO:等待 ('xpath', '//input[@placeholder="验证码"]') 元素可见.
2022-03-25 14:26:50,194-【basepage.py-->line:95】-INFO:在 登录页面--输入验证码 查找元素：('xpath', '//input[@placeholder="验证码"]').
2022-03-25 14:26:50,198-【basepage.py-->line:122】-INFO:在 登录页面--输入验证码 往元素 ('xpath', '//input[@placeholder="验证码"]') 输入文本值：0000.
2022-03-25 14:26:50,234-【basepage.py-->line:73】-INFO:等待 ('xpath', '//button[@type="button"]') 元素可见.
2022-03-25 14:26:50,249-【basepage.py-->line:95】-INFO:在 登录页面--点击登录按钮 查找元素：('xpath', '//button[@type="button"]').
2022-03-25 14:26:50,255-【basepage.py-->line:110】-INFO:在 登录页面--点击登录按钮 点击('xpath', '//button[@type="button"]')元素.
2022-03-25 14:26:51,285-【basepage.py-->line:73】-INFO:等待 ('xpath', '//span[text()="商品管理"]') 元素可见.
2022-03-25 14:26:51,301-【basepage.py-->line:95】-INFO:在 首页-点击进入商品管理 查找元素：('xpath', '//span[text()="商品管理"]').
2022-03-25 14:26:51,305-【basepage.py-->line:110】-INFO:在 首页-点击进入商品管理 点击('xpath', '//span[text()="商品管理"]')元素.
2022-03-25 14:26:51,339-【basepage.py-->line:73】-INFO:等待 ('xpath', '//*[@id="app"]/div/div[1]/div[2]/div[1]/div/ul/div[5]/li/ul/div[1]/a/li') 元素可见.
2022-03-25 14:26:51,355-【basepage.py-->line:95】-INFO:在 首页--点击进入商户管理 查找元素：('xpath', '//*[@id="app"]/div/div[1]/div[2]/div[1]/div/ul/div[5]/li/ul/div[1]/a/li').
2022-03-25 14:26:51,360-【basepage.py-->line:110】-INFO:在 首页--点击进入商户管理 点击('xpath', '//*[@id="app"]/div/div[1]/div[2]/div[1]/div/ul/div[5]/li/ul/div[1]/a/li')元素.
2022-03-25 14:26:51,399-【basepage.py-->line:73】-INFO:等待 ('xpath', "//input[@placeholder='请输入商务名称']") 元素可见.
2022-03-25 14:26:52,430-【basepage.py-->line:95】-INFO:在 商户管理页面-- 输入 所属商务名称 查找元素：('xpath', "//input[@placeholder='请输入商务名称']").
2022-03-25 14:26:52,436-【basepage.py-->line:122】-INFO:在 商户管理页面-- 输入 所属商务名称 往元素 ('xpath', "//input[@placeholder='请输入商务名称']") 输入文本值：小王.
2022-03-25 14:26:52,489-【basepage.py-->line:73】-INFO:等待 ('xpath', "//span[text()='搜索']") 元素可见.
2022-03-25 14:26:52,506-【basepage.py-->line:95】-INFO:在 商户管理页面-- 点击搜索 查找元素：('xpath', "//span[text()='搜索']").
2022-03-25 14:26:52,511-【basepage.py-->line:110】-INFO:在 商户管理页面-- 点击搜索 点击('xpath', "//span[text()='搜索']")元素.
2022-03-25 14:26:54,565-【basepage.py-->line:73】-INFO:等待 ('xpath', "//span[@class='el-pagination__total']") 元素可见.
2022-03-25 14:26:54,580-【basepage.py-->line:95】-INFO:在 商户管理页面-- 获取数目条数 查找元素：('xpath', "//span[@class='el-pagination__total']").
2022-03-25 14:26:54,585-【basepage.py-->line:149】-INFO:在 商户管理页面-- 获取数目条数 获取元素 ('xpath', "//span[@class='el-pagination__total']") 的文本内容.
2022-03-25 14:26:54,593-【basepage.py-->line:157】-INFO:文本值为：共 1 条
2022-03-25 14:26:59,250-【basepage.py-->line:95】-INFO:在 登录页面--清除密码 查找元素：('xpath', '//input[@placeholder="密码"]').
2022-03-25 14:26:59,283-【basepage.py-->line:73】-INFO:等待 ('xpath', '//input[@placeholder="密码"]') 元素可见.
2022-03-25 14:26:59,298-【basepage.py-->line:95】-INFO:在 登录页面--输入密码 查找元素：('xpath', '//input[@placeholder="密码"]').
2022-03-25 14:26:59,304-【basepage.py-->line:122】-INFO:在 登录页面--输入密码 往元素 ('xpath', '//input[@placeholder="密码"]') 输入文本值：admin.123.
2022-03-25 14:26:59,353-【basepage.py-->line:73】-INFO:等待 ('xpath', '//input[@placeholder="验证码"]') 元素可见.
2022-03-25 14:26:59,369-【basepage.py-->line:95】-INFO:在 登录页面--输入验证码 查找元素：('xpath', '//input[@placeholder="验证码"]').
2022-03-25 14:26:59,373-【basepage.py-->line:122】-INFO:在 登录页面--输入验证码 往元素 ('xpath', '//input[@placeholder="验证码"]') 输入文本值：0000.
2022-03-25 14:26:59,411-【basepage.py-->line:73】-INFO:等待 ('xpath', '//button[@type="button"]') 元素可见.
2022-03-25 14:26:59,425-【basepage.py-->line:95】-INFO:在 登录页面--点击登录按钮 查找元素：('xpath', '//button[@type="button"]').
2022-03-25 14:26:59,429-【basepage.py-->line:110】-INFO:在 登录页面--点击登录按钮 点击('xpath', '//button[@type="button"]')元素.
2022-03-25 14:27:00,455-【basepage.py-->line:73】-INFO:等待 ('xpath', '//span[text()="商品管理"]') 元素可见.
2022-03-25 14:27:00,468-【basepage.py-->line:95】-INFO:在 首页-点击进入商品管理 查找元素：('xpath', '//span[text()="商品管理"]').
2022-03-25 14:27:00,473-【basepage.py-->line:110】-INFO:在 首页-点击进入商品管理 点击('xpath', '//span[text()="商品管理"]')元素.
2022-03-25 14:27:00,506-【basepage.py-->line:73】-INFO:等待 ('xpath', '//*[@id="app"]/div/div[1]/div[2]/div[1]/div/ul/div[5]/li/ul/div[1]/a/li') 元素可见.
2022-03-25 14:27:00,523-【basepage.py-->line:95】-INFO:在 首页--点击进入商户管理 查找元素：('xpath', '//*[@id="app"]/div/div[1]/div[2]/div[1]/div/ul/div[5]/li/ul/div[1]/a/li').
2022-03-25 14:27:00,527-【basepage.py-->line:110】-INFO:在 首页--点击进入商户管理 点击('xpath', '//*[@id="app"]/div/div[1]/div[2]/div[1]/div/ul/div[5]/li/ul/div[1]/a/li')元素.
2022-03-25 14:27:00,565-【basepage.py-->line:73】-INFO:等待 ('xpath', "//input[@placeholder='请输入联系人姓名']") 元素可见.
2022-03-25 14:27:01,593-【basepage.py-->line:95】-INFO:在 商户管理页面-- 输入联系人姓名 查找元素：('xpath', "//input[@placeholder='请输入联系人姓名']").
2022-03-25 14:27:01,598-【basepage.py-->line:122】-INFO:在 商户管理页面-- 输入联系人姓名 往元素 ('xpath', "//input[@placeholder='请输入联系人姓名']") 输入文本值：刘.
2022-03-25 14:27:01,639-【basepage.py-->line:73】-INFO:等待 ('xpath', "//span[text()='搜索']") 元素可见.
2022-03-25 14:27:01,656-【basepage.py-->line:95】-INFO:在 商户管理页面-- 点击搜索 查找元素：('xpath', "//span[text()='搜索']").
2022-03-25 14:27:01,661-【basepage.py-->line:110】-INFO:在 商户管理页面-- 点击搜索 点击('xpath', "//span[text()='搜索']")元素.
2022-03-25 14:27:03,715-【basepage.py-->line:73】-INFO:等待 ('xpath', "//span[@class='el-pagination__total']") 元素可见.
2022-03-25 14:27:03,728-【basepage.py-->line:95】-INFO:在 商户管理页面-- 获取数目条数 查找元素：('xpath', "//span[@class='el-pagination__total']").
2022-03-25 14:27:03,733-【basepage.py-->line:149】-INFO:在 商户管理页面-- 获取数目条数 获取元素 ('xpath', "//span[@class='el-pagination__total']") 的文本内容.
2022-03-25 14:27:03,742-【basepage.py-->line:157】-INFO:文本值为：共 1 条
2022-03-25 14:27:08,335-【basepage.py-->line:95】-INFO:在 登录页面--清除密码 查找元素：('xpath', '//input[@placeholder="密码"]').
2022-03-25 14:27:08,369-【basepage.py-->line:73】-INFO:等待 ('xpath', '//input[@placeholder="密码"]') 元素可见.
2022-03-25 14:27:08,383-【basepage.py-->line:95】-INFO:在 登录页面--输入密码 查找元素：('xpath', '//input[@placeholder="密码"]').
2022-03-25 14:27:08,388-【basepage.py-->line:122】-INFO:在 登录页面--输入密码 往元素 ('xpath', '//input[@placeholder="密码"]') 输入文本值：admin.123.
2022-03-25 14:27:08,442-【basepage.py-->line:73】-INFO:等待 ('xpath', '//input[@placeholder="验证码"]') 元素可见.
2022-03-25 14:27:08,459-【basepage.py-->line:95】-INFO:在 登录页面--输入验证码 查找元素：('xpath', '//input[@placeholder="验证码"]').
2022-03-25 14:27:08,463-【basepage.py-->line:122】-INFO:在 登录页面--输入验证码 往元素 ('xpath', '//input[@placeholder="验证码"]') 输入文本值：0000.
2022-03-25 14:27:08,499-【basepage.py-->line:73】-INFO:等待 ('xpath', '//button[@type="button"]') 元素可见.
2022-03-25 14:27:08,513-【basepage.py-->line:95】-INFO:在 登录页面--点击登录按钮 查找元素：('xpath', '//button[@type="button"]').
2022-03-25 14:27:08,517-【basepage.py-->line:110】-INFO:在 登录页面--点击登录按钮 点击('xpath', '//button[@type="button"]')元素.
2022-03-25 14:27:09,543-【basepage.py-->line:73】-INFO:等待 ('xpath', '//span[text()="商品管理"]') 元素可见.
2022-03-25 14:27:09,557-【basepage.py-->line:95】-INFO:在 首页-点击进入商品管理 查找元素：('xpath', '//span[text()="商品管理"]').
2022-03-25 14:27:09,561-【basepage.py-->line:110】-INFO:在 首页-点击进入商品管理 点击('xpath', '//span[text()="商品管理"]')元素.
2022-03-25 14:27:09,596-【basepage.py-->line:73】-INFO:等待 ('xpath', '//*[@id="app"]/div/div[1]/div[2]/div[1]/div/ul/div[5]/li/ul/div[1]/a/li') 元素可见.
2022-03-25 14:27:09,612-【basepage.py-->line:95】-INFO:在 首页--点击进入商户管理 查找元素：('xpath', '//*[@id="app"]/div/div[1]/div[2]/div[1]/div/ul/div[5]/li/ul/div[1]/a/li').
2022-03-25 14:27:09,618-【basepage.py-->line:110】-INFO:在 首页--点击进入商户管理 点击('xpath', '//*[@id="app"]/div/div[1]/div[2]/div[1]/div/ul/div[5]/li/ul/div[1]/a/li')元素.
2022-03-25 14:27:09,662-【basepage.py-->line:73】-INFO:等待 ('xpath', "//input[@placeholder='请输入联系人电话']") 元素可见.
2022-03-25 14:27:10,787-【basepage.py-->line:95】-INFO:在 商户管理页面-- 请输入联系电话 查找元素：('xpath', "//input[@placeholder='请输入联系人电话']").
2022-03-25 14:27:10,792-【basepage.py-->line:122】-INFO:在 商户管理页面-- 请输入联系电话 往元素 ('xpath', "//input[@placeholder='请输入联系人电话']") 输入文本值：17608001572.
2022-03-25 14:27:10,957-【basepage.py-->line:73】-INFO:等待 ('xpath', "//span[text()='搜索']") 元素可见.
2022-03-25 14:27:10,973-【basepage.py-->line:95】-INFO:在 商户管理页面-- 点击搜索 查找元素：('xpath', "//span[text()='搜索']").
2022-03-25 14:27:10,978-【basepage.py-->line:110】-INFO:在 商户管理页面-- 点击搜索 点击('xpath', "//span[text()='搜索']")元素.
2022-03-25 14:27:13,037-【basepage.py-->line:73】-INFO:等待 ('xpath', "//span[@class='el-pagination__total']") 元素可见.
2022-03-25 14:27:13,051-【basepage.py-->line:95】-INFO:在 商户管理页面-- 获取数目条数 查找元素：('xpath', "//span[@class='el-pagination__total']").
2022-03-25 14:27:13,056-【basepage.py-->line:149】-INFO:在 商户管理页面-- 获取数目条数 获取元素 ('xpath', "//span[@class='el-pagination__total']") 的文本内容.
2022-03-25 14:27:13,063-【basepage.py-->line:157】-INFO:文本值为：共 1 条
2022-03-25 14:27:17,712-【basepage.py-->line:95】-INFO:在 登录页面--清除密码 查找元素：('xpath', '//input[@placeholder="密码"]').
2022-03-25 14:27:17,745-【basepage.py-->line:73】-INFO:等待 ('xpath', '//input[@placeholder="密码"]') 元素可见.
2022-03-25 14:27:17,760-【basepage.py-->line:95】-INFO:在 登录页面--输入密码 查找元素：('xpath', '//input[@placeholder="密码"]').
2022-03-25 14:27:17,765-【basepage.py-->line:122】-INFO:在 登录页面--输入密码 往元素 ('xpath', '//input[@placeholder="密码"]') 输入文本值：admin.123.
2022-03-25 14:27:17,817-【basepage.py-->line:73】-INFO:等待 ('xpath', '//input[@placeholder="验证码"]') 元素可见.
2022-03-25 14:27:17,834-【basepage.py-->line:95】-INFO:在 登录页面--输入验证码 查找元素：('xpath', '//input[@placeholder="验证码"]').
2022-03-25 14:27:17,839-【basepage.py-->line:122】-INFO:在 登录页面--输入验证码 往元素 ('xpath', '//input[@placeholder="验证码"]') 输入文本值：0000.
2022-03-25 14:27:17,874-【basepage.py-->line:73】-INFO:等待 ('xpath', '//button[@type="button"]') 元素可见.
2022-03-25 14:27:17,888-【basepage.py-->line:95】-INFO:在 登录页面--点击登录按钮 查找元素：('xpath', '//button[@type="button"]').
2022-03-25 14:27:17,892-【basepage.py-->line:110】-INFO:在 登录页面--点击登录按钮 点击('xpath', '//button[@type="button"]')元素.
2022-03-25 14:27:18,919-【basepage.py-->line:73】-INFO:等待 ('xpath', '//span[text()="商品管理"]') 元素可见.
2022-03-25 14:27:18,933-【basepage.py-->line:95】-INFO:在 首页-点击进入商品管理 查找元素：('xpath', '//span[text()="商品管理"]').
2022-03-25 14:27:18,937-【basepage.py-->line:110】-INFO:在 首页-点击进入商品管理 点击('xpath', '//span[text()="商品管理"]')元素.
2022-03-25 14:27:18,971-【basepage.py-->line:73】-INFO:等待 ('xpath', '//*[@id="app"]/div/div[1]/div[2]/div[1]/div/ul/div[5]/li/ul/div[1]/a/li') 元素可见.
2022-03-25 14:27:18,986-【basepage.py-->line:95】-INFO:在 首页--点击进入商户管理 查找元素：('xpath', '//*[@id="app"]/div/div[1]/div[2]/div[1]/div/ul/div[5]/li/ul/div[1]/a/li').
2022-03-25 14:27:18,991-【basepage.py-->line:110】-INFO:在 首页--点击进入商户管理 点击('xpath', '//*[@id="app"]/div/div[1]/div[2]/div[1]/div/ul/div[5]/li/ul/div[1]/a/li')元素.
2022-03-25 14:27:19,026-【basepage.py-->line:73】-INFO:等待 ('xpath', '//*[@id="app"]/div/div[2]/section/div/form/div[6]/div/div/div/input') 元素可见.
2022-03-25 14:27:20,059-【basepage.py-->line:95】-INFO:在 商户管理页面-- 点击状态框 查找元素：('xpath', '//*[@id="app"]/div/div[2]/section/div/form/div[6]/div/div/div/input').
2022-03-25 14:27:20,064-【basepage.py-->line:110】-INFO:在 商户管理页面-- 点击状态框 点击('xpath', '//*[@id="app"]/div/div[2]/section/div/form/div[6]/div/div/div/input')元素.
2022-03-25 14:27:20,099-【basepage.py-->line:73】-INFO:等待 ('xpath', "//span[text()='显示']") 元素可见.
2022-03-25 14:27:20,630-【basepage.py-->line:95】-INFO:在 商户管理页面-- 选择”显示“ 查找元素：('xpath', "//span[text()='显示']").
2022-03-25 14:27:20,634-【basepage.py-->line:110】-INFO:在 商户管理页面-- 选择”显示“ 点击('xpath', "//span[text()='显示']")元素.
2022-03-25 14:27:20,667-【basepage.py-->line:73】-INFO:等待 ('xpath', "//input[@placeholder='请输入联系人电话']") 元素可见.
2022-03-25 14:27:20,681-【basepage.py-->line:95】-INFO:在 商户管理页面-- 请输入联系电话 查找元素：('xpath', "//input[@placeholder='请输入联系人电话']").
2022-03-25 14:27:20,687-【basepage.py-->line:122】-INFO:在 商户管理页面-- 请输入联系电话 往元素 ('xpath', "//input[@placeholder='请输入联系人电话']") 输入文本值：17608001572.
2022-03-25 14:27:20,813-【basepage.py-->line:73】-INFO:等待 ('xpath', "//span[text()='搜索']") 元素可见.
2022-03-25 14:27:20,831-【basepage.py-->line:95】-INFO:在 商户管理页面-- 点击搜索 查找元素：('xpath', "//span[text()='搜索']").
2022-03-25 14:27:20,837-【basepage.py-->line:110】-INFO:在 商户管理页面-- 点击搜索 点击('xpath', "//span[text()='搜索']")元素.
2022-03-25 14:27:22,889-【basepage.py-->line:73】-INFO:等待 ('xpath', "//span[@class='el-pagination__total']") 元素可见.
2022-03-25 14:27:22,904-【basepage.py-->line:95】-INFO:在 商户管理页面-- 获取数目条数 查找元素：('xpath', "//span[@class='el-pagination__total']").
2022-03-25 14:27:22,908-【basepage.py-->line:149】-INFO:在 商户管理页面-- 获取数目条数 获取元素 ('xpath', "//span[@class='el-pagination__total']") 的文本内容.
2022-03-25 14:27:22,917-【basepage.py-->line:157】-INFO:文本值为：共 1 条
2022-03-25 14:27:27,496-【basepage.py-->line:95】-INFO:在 登录页面--清除密码 查找元素：('xpath', '//input[@placeholder="密码"]').
2022-03-25 14:27:27,531-【basepage.py-->line:73】-INFO:等待 ('xpath', '//input[@placeholder="密码"]') 元素可见.
2022-03-25 14:27:27,546-【basepage.py-->line:95】-INFO:在 登录页面--输入密码 查找元素：('xpath', '//input[@placeholder="密码"]').
2022-03-25 14:27:27,553-【basepage.py-->line:122】-INFO:在 登录页面--输入密码 往元素 ('xpath', '//input[@placeholder="密码"]') 输入文本值：admin.123.
2022-03-25 14:27:27,605-【basepage.py-->line:73】-INFO:等待 ('xpath', '//input[@placeholder="验证码"]') 元素可见.
2022-03-25 14:27:27,621-【basepage.py-->line:95】-INFO:在 登录页面--输入验证码 查找元素：('xpath', '//input[@placeholder="验证码"]').
2022-03-25 14:27:27,625-【basepage.py-->line:122】-INFO:在 登录页面--输入验证码 往元素 ('xpath', '//input[@placeholder="验证码"]') 输入文本值：0000.
2022-03-25 14:27:27,660-【basepage.py-->line:73】-INFO:等待 ('xpath', '//button[@type="button"]') 元素可见.
2022-03-25 14:27:27,674-【basepage.py-->line:95】-INFO:在 登录页面--点击登录按钮 查找元素：('xpath', '//button[@type="button"]').
2022-03-25 14:27:27,677-【basepage.py-->line:110】-INFO:在 登录页面--点击登录按钮 点击('xpath', '//button[@type="button"]')元素.
2022-03-25 14:27:28,703-【basepage.py-->line:73】-INFO:等待 ('xpath', '//span[text()="商品管理"]') 元素可见.
2022-03-25 14:27:28,717-【basepage.py-->line:95】-INFO:在 首页-点击进入商品管理 查找元素：('xpath', '//span[text()="商品管理"]').
2022-03-25 14:27:28,721-【basepage.py-->line:110】-INFO:在 首页-点击进入商品管理 点击('xpath', '//span[text()="商品管理"]')元素.
2022-03-25 14:27:28,755-【basepage.py-->line:73】-INFO:等待 ('xpath', '//*[@id="app"]/div/div[1]/div[2]/div[1]/div/ul/div[5]/li/ul/div[1]/a/li') 元素可见.
2022-03-25 14:27:28,771-【basepage.py-->line:95】-INFO:在 首页--点击进入商户管理 查找元素：('xpath', '//*[@id="app"]/div/div[1]/div[2]/div[1]/div/ul/div[5]/li/ul/div[1]/a/li').
2022-03-25 14:27:28,775-【basepage.py-->line:110】-INFO:在 首页--点击进入商户管理 点击('xpath', '//*[@id="app"]/div/div[1]/div[2]/div[1]/div/ul/div[5]/li/ul/div[1]/a/li')元素.
2022-03-25 14:27:28,815-【basepage.py-->line:73】-INFO:等待 ('xpath', "//input[@placeholder='--选择商圈--']") 元素可见.
2022-03-25 14:27:29,847-【basepage.py-->line:95】-INFO:在 商户管理页面-- 点击 商圈 框 查找元素：('xpath', "//input[@placeholder='--选择商圈--']").
2022-03-25 14:27:29,855-【basepage.py-->line:110】-INFO:在 商户管理页面-- 点击 商圈 框 点击('xpath', "//input[@placeholder='--选择商圈--']")元素.
2022-03-25 14:27:29,897-【basepage.py-->line:73】-INFO:等待 ('xpath', "//span[text()='悠方']") 元素可见.
2022-03-25 14:27:30,430-【basepage.py-->line:95】-INFO:在 商户管理页面--点击悠方 查找元素：('xpath', "//span[text()='悠方']").
2022-03-25 14:27:30,434-【basepage.py-->line:110】-INFO:在 商户管理页面--点击悠方 点击('xpath', "//span[text()='悠方']")元素.
2022-03-25 14:27:30,468-【basepage.py-->line:73】-INFO:等待 ('xpath', "//input[@placeholder='请输入联系人姓名']") 元素可见.
2022-03-25 14:27:30,484-【basepage.py-->line:95】-INFO:在 商户管理页面-- 输入联系人姓名 查找元素：('xpath', "//input[@placeholder='请输入联系人姓名']").
2022-03-25 14:27:30,489-【basepage.py-->line:122】-INFO:在 商户管理页面-- 输入联系人姓名 往元素 ('xpath', "//input[@placeholder='请输入联系人姓名']") 输入文本值：刘.
2022-03-25 14:27:30,531-【basepage.py-->line:73】-INFO:等待 ('xpath', "//span[text()='搜索']") 元素可见.
2022-03-25 14:27:30,547-【basepage.py-->line:95】-INFO:在 商户管理页面-- 点击搜索 查找元素：('xpath', "//span[text()='搜索']").
2022-03-25 14:27:30,553-【basepage.py-->line:110】-INFO:在 商户管理页面-- 点击搜索 点击('xpath', "//span[text()='搜索']")元素.
2022-03-25 14:27:32,603-【basepage.py-->line:73】-INFO:等待 ('xpath', "//span[@class='el-pagination__total']") 元素可见.
2022-03-25 14:27:32,618-【basepage.py-->line:95】-INFO:在 商户管理页面-- 获取数目条数 查找元素：('xpath', "//span[@class='el-pagination__total']").
2022-03-25 14:27:32,622-【basepage.py-->line:149】-INFO:在 商户管理页面-- 获取数目条数 获取元素 ('xpath', "//span[@class='el-pagination__total']") 的文本内容.
2022-03-25 14:27:32,630-【basepage.py-->line:157】-INFO:文本值为：共 1 条
2022-03-25 14:27:37,260-【basepage.py-->line:95】-INFO:在 登录页面--清除密码 查找元素：('xpath', '//input[@placeholder="密码"]').
2022-03-25 14:27:37,292-【basepage.py-->line:73】-INFO:等待 ('xpath', '//input[@placeholder="密码"]') 元素可见.
2022-03-25 14:27:37,308-【basepage.py-->line:95】-INFO:在 登录页面--输入密码 查找元素：('xpath', '//input[@placeholder="密码"]').
2022-03-25 14:27:37,313-【basepage.py-->line:122】-INFO:在 登录页面--输入密码 往元素 ('xpath', '//input[@placeholder="密码"]') 输入文本值：admin.123.
2022-03-25 14:27:37,368-【basepage.py-->line:73】-INFO:等待 ('xpath', '//input[@placeholder="验证码"]') 元素可见.
2022-03-25 14:27:37,384-【basepage.py-->line:95】-INFO:在 登录页面--输入验证码 查找元素：('xpath', '//input[@placeholder="验证码"]').
2022-03-25 14:27:37,389-【basepage.py-->line:122】-INFO:在 登录页面--输入验证码 往元素 ('xpath', '//input[@placeholder="验证码"]') 输入文本值：0000.
2022-03-25 14:27:37,425-【basepage.py-->line:73】-INFO:等待 ('xpath', '//button[@type="button"]') 元素可见.
2022-03-25 14:27:37,440-【basepage.py-->line:95】-INFO:在 登录页面--点击登录按钮 查找元素：('xpath', '//button[@type="button"]').
2022-03-25 14:27:37,444-【basepage.py-->line:110】-INFO:在 登录页面--点击登录按钮 点击('xpath', '//button[@type="button"]')元素.
2022-03-25 14:27:38,471-【basepage.py-->line:73】-INFO:等待 ('xpath', '//span[text()="商品管理"]') 元素可见.
2022-03-25 14:27:38,485-【basepage.py-->line:95】-INFO:在 首页-点击进入商品管理 查找元素：('xpath', '//span[text()="商品管理"]').
2022-03-25 14:27:38,490-【basepage.py-->line:110】-INFO:在 首页-点击进入商品管理 点击('xpath', '//span[text()="商品管理"]')元素.
2022-03-25 14:27:38,523-【basepage.py-->line:73】-INFO:等待 ('xpath', '//*[@id="app"]/div/div[1]/div[2]/div[1]/div/ul/div[5]/li/ul/div[1]/a/li') 元素可见.
2022-03-25 14:27:38,541-【basepage.py-->line:95】-INFO:在 首页--点击进入商户管理 查找元素：('xpath', '//*[@id="app"]/div/div[1]/div[2]/div[1]/div/ul/div[5]/li/ul/div[1]/a/li').
2022-03-25 14:27:38,545-【basepage.py-->line:110】-INFO:在 首页--点击进入商户管理 点击('xpath', '//*[@id="app"]/div/div[1]/div[2]/div[1]/div/ul/div[5]/li/ul/div[1]/a/li')元素.
2022-03-25 14:27:38,586-【basepage.py-->line:73】-INFO:等待 ('xpath', "//input[@placeholder='请输入商户名称']") 元素可见.
2022-03-25 14:27:39,613-【basepage.py-->line:95】-INFO:在 商户管理页面--输入商户名称 查找元素：('xpath', "//input[@placeholder='请输入商户名称']").
2022-03-25 14:27:39,618-【basepage.py-->line:122】-INFO:在 商户管理页面--输入商户名称 往元素 ('xpath', "//input[@placeholder='请输入商户名称']") 输入文本值：（测试）快乐奶茶.
2022-03-25 14:27:39,658-【basepage.py-->line:73】-INFO:等待 ('xpath', "//input[@placeholder='请输入联系人姓名']") 元素可见.
2022-03-25 14:27:39,673-【basepage.py-->line:95】-INFO:在 商户管理页面-- 输入联系人姓名 查找元素：('xpath', "//input[@placeholder='请输入联系人姓名']").
2022-03-25 14:27:39,677-【basepage.py-->line:122】-INFO:在 商户管理页面-- 输入联系人姓名 往元素 ('xpath', "//input[@placeholder='请输入联系人姓名']") 输入文本值：刘.
2022-03-25 14:27:39,722-【basepage.py-->line:73】-INFO:等待 ('xpath', '//*[@id="app"]/div/div[2]/section/div/form/div[6]/div/div/div/input') 元素可见.
2022-03-25 14:27:39,740-【basepage.py-->line:95】-INFO:在 商户管理页面-- 点击状态框 查找元素：('xpath', '//*[@id="app"]/div/div[2]/section/div/form/div[6]/div/div/div/input').
2022-03-25 14:27:39,744-【basepage.py-->line:110】-INFO:在 商户管理页面-- 点击状态框 点击('xpath', '//*[@id="app"]/div/div[2]/section/div/form/div[6]/div/div/div/input')元素.
2022-03-25 14:27:39,780-【basepage.py-->line:73】-INFO:等待 ('xpath', "//span[text()='显示']") 元素可见.
2022-03-25 14:27:40,306-【basepage.py-->line:95】-INFO:在 商户管理页面-- 选择”显示“ 查找元素：('xpath', "//span[text()='显示']").
2022-03-25 14:27:40,311-【basepage.py-->line:110】-INFO:在 商户管理页面-- 选择”显示“ 点击('xpath', "//span[text()='显示']")元素.
2022-03-25 14:27:40,344-【basepage.py-->line:73】-INFO:等待 ('xpath', "//input[@placeholder='--选择商圈--']") 元素可见.
2022-03-25 14:27:40,358-【basepage.py-->line:95】-INFO:在 商户管理页面-- 点击 商圈 框 查找元素：('xpath', "//input[@placeholder='--选择商圈--']").
2022-03-25 14:27:40,363-【basepage.py-->line:110】-INFO:在 商户管理页面-- 点击 商圈 框 点击('xpath', "//input[@placeholder='--选择商圈--']")元素.
2022-03-25 14:27:40,393-【basepage.py-->line:73】-INFO:等待 ('xpath', "//span[text()='悠方']") 元素可见.
2022-03-25 14:27:40,921-【basepage.py-->line:95】-INFO:在 商户管理页面--点击悠方 查找元素：('xpath', "//span[text()='悠方']").
2022-03-25 14:27:40,925-【basepage.py-->line:110】-INFO:在 商户管理页面--点击悠方 点击('xpath', "//span[text()='悠方']")元素.
2022-03-25 14:27:40,958-【basepage.py-->line:73】-INFO:等待 ('xpath', "//span[text()='搜索']") 元素可见.
2022-03-25 14:27:40,973-【basepage.py-->line:95】-INFO:在 商户管理页面-- 点击搜索 查找元素：('xpath', "//span[text()='搜索']").
2022-03-25 14:27:40,977-【basepage.py-->line:110】-INFO:在 商户管理页面-- 点击搜索 点击('xpath', "//span[text()='搜索']")元素.
2022-03-25 14:27:43,024-【basepage.py-->line:73】-INFO:等待 ('xpath', "//span[@class='el-pagination__total']") 元素可见.
2022-03-25 14:27:43,037-【basepage.py-->line:95】-INFO:在 商户管理页面-- 获取数目条数 查找元素：('xpath', "//span[@class='el-pagination__total']").
2022-03-25 14:27:43,041-【basepage.py-->line:149】-INFO:在 商户管理页面-- 获取数目条数 获取元素 ('xpath', "//span[@class='el-pagination__total']") 的文本内容.
2022-03-25 14:27:43,050-【basepage.py-->line:157】-INFO:文本值为：共 1 条
2022-03-25 14:27:47,677-【basepage.py-->line:95】-INFO:在 登录页面--清除密码 查找元素：('xpath', '//input[@placeholder="密码"]').
2022-03-25 14:27:47,709-【basepage.py-->line:73】-INFO:等待 ('xpath', '//input[@placeholder="密码"]') 元素可见.
2022-03-25 14:27:47,723-【basepage.py-->line:95】-INFO:在 登录页面--输入密码 查找元素：('xpath', '//input[@placeholder="密码"]').
2022-03-25 14:27:47,728-【basepage.py-->line:122】-INFO:在 登录页面--输入密码 往元素 ('xpath', '//input[@placeholder="密码"]') 输入文本值：admin.123.
2022-03-25 14:27:47,780-【basepage.py-->line:73】-INFO:等待 ('xpath', '//input[@placeholder="验证码"]') 元素可见.
2022-03-25 14:27:47,796-【basepage.py-->line:95】-INFO:在 登录页面--输入验证码 查找元素：('xpath', '//input[@placeholder="验证码"]').
2022-03-25 14:27:47,801-【basepage.py-->line:122】-INFO:在 登录页面--输入验证码 往元素 ('xpath', '//input[@placeholder="验证码"]') 输入文本值：0000.
2022-03-25 14:27:47,836-【basepage.py-->line:73】-INFO:等待 ('xpath', '//button[@type="button"]') 元素可见.
2022-03-25 14:27:47,851-【basepage.py-->line:95】-INFO:在 登录页面--点击登录按钮 查找元素：('xpath', '//button[@type="button"]').
2022-03-25 14:27:47,855-【basepage.py-->line:110】-INFO:在 登录页面--点击登录按钮 点击('xpath', '//button[@type="button"]')元素.
2022-03-25 14:27:48,881-【basepage.py-->line:73】-INFO:等待 ('xpath', '//span[text()="商品管理"]') 元素可见.
2022-03-25 14:27:48,897-【basepage.py-->line:95】-INFO:在 首页-点击进入商品管理 查找元素：('xpath', '//span[text()="商品管理"]').
2022-03-25 14:27:48,901-【basepage.py-->line:110】-INFO:在 首页-点击进入商品管理 点击('xpath', '//span[text()="商品管理"]')元素.
2022-03-25 14:27:48,935-【basepage.py-->line:73】-INFO:等待 ('xpath', '//*[@id="app"]/div/div[1]/div[2]/div[1]/div/ul/div[5]/li/ul/div[1]/a/li') 元素可见.
2022-03-25 14:27:49,462-【basepage.py-->line:95】-INFO:在 首页--点击进入商户管理 查找元素：('xpath', '//*[@id="app"]/div/div[1]/div[2]/div[1]/div/ul/div[5]/li/ul/div[1]/a/li').
2022-03-25 14:27:49,466-【basepage.py-->line:110】-INFO:在 首页--点击进入商户管理 点击('xpath', '//*[@id="app"]/div/div[1]/div[2]/div[1]/div/ul/div[5]/li/ul/div[1]/a/li')元素.
2022-03-25 14:27:49,501-【basepage.py-->line:73】-INFO:等待 ('xpath', "//input[@placeholder='请输入商户名称']") 元素可见.
2022-03-25 14:27:50,528-【basepage.py-->line:95】-INFO:在 商户管理页面--输入商户名称 查找元素：('xpath', "//input[@placeholder='请输入商户名称']").
2022-03-25 14:27:50,532-【basepage.py-->line:122】-INFO:在 商户管理页面--输入商户名称 往元素 ('xpath', "//input[@placeholder='请输入商户名称']") 输入文本值：（测试）快乐奶茶.
2022-03-25 14:27:50,575-【basepage.py-->line:73】-INFO:等待 ('xpath', "//input[@placeholder='请输入联系人姓名']") 元素可见.
2022-03-25 14:27:50,592-【basepage.py-->line:95】-INFO:在 商户管理页面-- 输入联系人姓名 查找元素：('xpath', "//input[@placeholder='请输入联系人姓名']").
2022-03-25 14:27:50,596-【basepage.py-->line:122】-INFO:在 商户管理页面-- 输入联系人姓名 往元素 ('xpath', "//input[@placeholder='请输入联系人姓名']") 输入文本值：刘.
2022-03-25 14:27:50,642-【basepage.py-->line:73】-INFO:等待 ('xpath', '//*[@id="app"]/div/div[2]/section/div/form/div[6]/div/div/div/input') 元素可见.
2022-03-25 14:27:50,663-【basepage.py-->line:95】-INFO:在 商户管理页面-- 点击状态框 查找元素：('xpath', '//*[@id="app"]/div/div[2]/section/div/form/div[6]/div/div/div/input').
2022-03-25 14:27:50,671-【basepage.py-->line:110】-INFO:在 商户管理页面-- 点击状态框 点击('xpath', '//*[@id="app"]/div/div[2]/section/div/form/div[6]/div/div/div/input')元素.
2022-03-25 14:27:50,710-【basepage.py-->line:73】-INFO:等待 ('xpath', "//span[text()='显示']") 元素可见.
2022-03-25 14:27:51,238-【basepage.py-->line:95】-INFO:在 商户管理页面-- 选择”显示“ 查找元素：('xpath', "//span[text()='显示']").
2022-03-25 14:27:51,243-【basepage.py-->line:110】-INFO:在 商户管理页面-- 选择”显示“ 点击('xpath', "//span[text()='显示']")元素.
2022-03-25 14:27:51,276-【basepage.py-->line:73】-INFO:等待 ('xpath', "//input[@placeholder='--选择商圈--']") 元素可见.
2022-03-25 14:27:51,290-【basepage.py-->line:95】-INFO:在 商户管理页面-- 点击 商圈 框 查找元素：('xpath', "//input[@placeholder='--选择商圈--']").
2022-03-25 14:27:51,295-【basepage.py-->line:110】-INFO:在 商户管理页面-- 点击 商圈 框 点击('xpath', "//input[@placeholder='--选择商圈--']")元素.
2022-03-25 14:27:51,326-【basepage.py-->line:73】-INFO:等待 ('xpath', "//span[text()='悠方']") 元素可见.
2022-03-25 14:27:51,854-【basepage.py-->line:95】-INFO:在 商户管理页面--点击悠方 查找元素：('xpath', "//span[text()='悠方']").
2022-03-25 14:27:51,858-【basepage.py-->line:110】-INFO:在 商户管理页面--点击悠方 点击('xpath', "//span[text()='悠方']")元素.
2022-03-25 14:27:51,893-【basepage.py-->line:73】-INFO:等待 ('xpath', "//span[text()='搜索']") 元素可见.
2022-03-25 14:27:51,910-【basepage.py-->line:95】-INFO:在 商户管理页面-- 点击搜索 查找元素：('xpath', "//span[text()='搜索']").
2022-03-25 14:27:51,915-【basepage.py-->line:110】-INFO:在 商户管理页面-- 点击搜索 点击('xpath', "//span[text()='搜索']")元素.
2022-03-25 14:27:53,461-【basepage.py-->line:73】-INFO:等待 ('xpath', '//*[@id="app"]/div/div[2]/section/div/div[2]/div[3]/table/tbody/tr/td[18]/div/div/span') 元素可见.
2022-03-25 14:27:53,476-【basepage.py-->line:95】-INFO:在 商户管理页面-- 点击商户 开启/关闭按钮 查找元素：('xpath', '//*[@id="app"]/div/div[2]/section/div/div[2]/div[3]/table/tbody/tr/td[18]/div/div/span').
2022-03-25 14:27:53,481-【basepage.py-->line:110】-INFO:在 商户管理页面-- 点击商户 开启/关闭按钮 点击('xpath', '//*[@id="app"]/div/div[2]/section/div/div[2]/div[3]/table/tbody/tr/td[18]/div/div/span')元素.
2022-03-25 14:27:53,521-【basepage.py-->line:73】-INFO:等待 ('xpath', "//button[@class='el-button el-button--default el-button--small el-button--primary ']") 元素可见.
2022-03-25 14:27:53,539-【basepage.py-->line:95】-INFO:在 商户管理页面-- 点击商户 开启/关闭 确定 钮 查找元素：('xpath', "//button[@class='el-button el-button--default el-button--small el-button--primary ']").
2022-03-25 14:27:53,544-【basepage.py-->line:110】-INFO:在 商户管理页面-- 点击商户 开启/关闭 确定 钮 点击('xpath', "//button[@class='el-button el-button--default el-button--small el-button--primary ']")元素.
2022-03-25 14:27:53,574-【basepage.py-->line:73】-INFO:等待 ('xpath', "//span[text()='搜索']") 元素可见.
2022-03-25 14:27:53,586-【basepage.py-->line:95】-INFO:在 商户管理页面-- 点击搜索 查找元素：('xpath', "//span[text()='搜索']").
2022-03-25 14:27:53,590-【basepage.py-->line:110】-INFO:在 商户管理页面-- 点击搜索 点击('xpath', "//span[text()='搜索']")元素.
2022-03-25 14:27:54,935-【basepage.py-->line:73】-INFO:等待 ('xpath', '//span[text()="暂无数据"]') 元素可见.
2022-03-25 14:27:54,949-【basepage.py-->line:95】-INFO:在 商户管理页面-- 获取数据文本 查找元素：('xpath', '//span[text()="暂无数据"]').
2022-03-25 14:27:54,953-【basepage.py-->line:149】-INFO:在 商户管理页面-- 获取数据文本 获取元素 ('xpath', '//span[text()="暂无数据"]') 的文本内容.
2022-03-25 14:27:54,962-【basepage.py-->line:157】-INFO:文本值为：暂无数据
2022-03-25 14:27:54,962-【basepage.py-->line:73】-INFO:等待 ('xpath', '//*[@id="app"]/div/div[2]/section/div/form/div[6]/div/div/div/input') 元素可见.
2022-03-25 14:27:54,972-【basepage.py-->line:95】-INFO:在 商户管理页面-- 点击状态框 查找元素：('xpath', '//*[@id="app"]/div/div[2]/section/div/form/div[6]/div/div/div/input').
2022-03-25 14:27:54,976-【basepage.py-->line:110】-INFO:在 商户管理页面-- 点击状态框 点击('xpath', '//*[@id="app"]/div/div[2]/section/div/form/div[6]/div/div/div/input')元素.
2022-03-25 14:27:54,998-【basepage.py-->line:73】-INFO:等待 ('xpath', "//span[text()='隐藏']") 元素可见.
2022-03-25 14:27:55,521-【basepage.py-->line:95】-INFO:在 商户管理页面-- 选择”隐藏“ 查找元素：('xpath', "//span[text()='隐藏']").
2022-03-25 14:27:55,525-【basepage.py-->line:110】-INFO:在 商户管理页面-- 选择”隐藏“ 点击('xpath', "//span[text()='隐藏']")元素.
2022-03-25 14:27:55,555-【basepage.py-->line:73】-INFO:等待 ('xpath', "//span[text()='搜索']") 元素可见.
2022-03-25 14:27:55,567-【basepage.py-->line:95】-INFO:在 商户管理页面-- 点击搜索 查找元素：('xpath', "//span[text()='搜索']").
2022-03-25 14:27:55,571-【basepage.py-->line:110】-INFO:在 商户管理页面-- 点击搜索 点击('xpath', "//span[text()='搜索']")元素.
2022-03-25 14:27:57,097-【basepage.py-->line:73】-INFO:等待 ('xpath', '//*[@id="app"]/div/div[2]/section/div/div[2]/div[3]/table/tbody/tr/td[18]/div/div/span') 元素可见.
2022-03-25 14:27:57,110-【basepage.py-->line:95】-INFO:在 商户管理页面-- 点击商户 开启/关闭按钮 查找元素：('xpath', '//*[@id="app"]/div/div[2]/section/div/div[2]/div[3]/table/tbody/tr/td[18]/div/div/span').
2022-03-25 14:27:57,116-【basepage.py-->line:110】-INFO:在 商户管理页面-- 点击商户 开启/关闭按钮 点击('xpath', '//*[@id="app"]/div/div[2]/section/div/div[2]/div[3]/table/tbody/tr/td[18]/div/div/span')元素.
2022-03-25 14:27:57,152-【basepage.py-->line:73】-INFO:等待 ('xpath', "//button[@class='el-button el-button--default el-button--small el-button--primary ']") 元素可见.
2022-03-25 14:27:57,671-【basepage.py-->line:95】-INFO:在 商户管理页面-- 点击商户 开启/关闭 确定 钮 查找元素：('xpath', "//button[@class='el-button el-button--default el-button--small el-button--primary ']").
2022-03-25 14:27:57,677-【basepage.py-->line:110】-INFO:在 商户管理页面-- 点击商户 开启/关闭 确定 钮 点击('xpath', "//button[@class='el-button el-button--default el-button--small el-button--primary ']")元素.
2022-03-25 14:27:57,692-【basepage.py-->line:73】-INFO:等待 ('xpath', '//*[@id="app"]/div/div[2]/section/div/form/div[6]/div/div/div/input') 元素可见.
2022-03-25 14:27:57,703-【basepage.py-->line:95】-INFO:在 商户管理页面-- 点击状态框 查找元素：('xpath', '//*[@id="app"]/div/div[2]/section/div/form/div[6]/div/div/div/input').
2022-03-25 14:27:57,707-【basepage.py-->line:110】-INFO:在 商户管理页面-- 点击状态框 点击('xpath', '//*[@id="app"]/div/div[2]/section/div/form/div[6]/div/div/div/input')元素.
2022-03-25 14:27:58,045-【basepage.py-->line:73】-INFO:等待 ('xpath', "//span[text()='显示']") 元素可见.
2022-03-25 14:27:58,570-【basepage.py-->line:95】-INFO:在 商户管理页面-- 选择”显示“ 查找元素：('xpath', "//span[text()='显示']").
2022-03-25 14:27:58,574-【basepage.py-->line:110】-INFO:在 商户管理页面-- 选择”显示“ 点击('xpath', "//span[text()='显示']")元素.
2022-03-25 14:27:58,597-【basepage.py-->line:73】-INFO:等待 ('xpath', "//span[text()='搜索']") 元素可见.
2022-03-25 14:27:58,609-【basepage.py-->line:95】-INFO:在 商户管理页面-- 点击搜索 查找元素：('xpath', "//span[text()='搜索']").
2022-03-25 14:27:58,615-【basepage.py-->line:110】-INFO:在 商户管理页面-- 点击搜索 点击('xpath', "//span[text()='搜索']")元素.
2022-03-25 14:28:00,642-【basepage.py-->line:73】-INFO:等待 ('xpath', "//span[@class='el-pagination__total']") 元素可见.
2022-03-25 14:28:00,658-【basepage.py-->line:95】-INFO:在 商户管理页面-- 获取数目条数 查找元素：('xpath', "//span[@class='el-pagination__total']").
2022-03-25 14:28:00,662-【basepage.py-->line:149】-INFO:在 商户管理页面-- 获取数目条数 获取元素 ('xpath', "//span[@class='el-pagination__total']") 的文本内容.
2022-03-25 14:28:00,670-【basepage.py-->line:157】-INFO:文本值为：共 1 条
2022-03-25 14:28:05,292-【basepage.py-->line:95】-INFO:在 登录页面--清除密码 查找元素：('xpath', '//input[@placeholder="密码"]').
2022-03-25 14:28:05,326-【basepage.py-->line:73】-INFO:等待 ('xpath', '//input[@placeholder="密码"]') 元素可见.
2022-03-25 14:28:05,341-【basepage.py-->line:95】-INFO:在 登录页面--输入密码 查找元素：('xpath', '//input[@placeholder="密码"]').
2022-03-25 14:28:05,346-【basepage.py-->line:122】-INFO:在 登录页面--输入密码 往元素 ('xpath', '//input[@placeholder="密码"]') 输入文本值：admin.123.
2022-03-25 14:28:05,402-【basepage.py-->line:73】-INFO:等待 ('xpath', '//input[@placeholder="验证码"]') 元素可见.
2022-03-25 14:28:05,419-【basepage.py-->line:95】-INFO:在 登录页面--输入验证码 查找元素：('xpath', '//input[@placeholder="验证码"]').
2022-03-25 14:28:05,423-【basepage.py-->line:122】-INFO:在 登录页面--输入验证码 往元素 ('xpath', '//input[@placeholder="验证码"]') 输入文本值：0000.
2022-03-25 14:28:05,459-【basepage.py-->line:73】-INFO:等待 ('xpath', '//button[@type="button"]') 元素可见.
2022-03-25 14:28:05,473-【basepage.py-->line:95】-INFO:在 登录页面--点击登录按钮 查找元素：('xpath', '//button[@type="button"]').
2022-03-25 14:28:05,477-【basepage.py-->line:110】-INFO:在 登录页面--点击登录按钮 点击('xpath', '//button[@type="button"]')元素.
2022-03-25 14:28:06,503-【basepage.py-->line:73】-INFO:等待 ('xpath', '//span[text()="商品管理"]') 元素可见.
2022-03-25 14:28:06,519-【basepage.py-->line:95】-INFO:在 首页-点击进入商品管理 查找元素：('xpath', '//span[text()="商品管理"]').
2022-03-25 14:28:06,523-【basepage.py-->line:110】-INFO:在 首页-点击进入商品管理 点击('xpath', '//span[text()="商品管理"]')元素.
2022-03-25 14:28:06,557-【basepage.py-->line:73】-INFO:等待 ('xpath', '//*[@id="app"]/div/div[1]/div[2]/div[1]/div/ul/div[5]/li/ul/div[1]/a/li') 元素可见.
2022-03-25 14:28:06,574-【basepage.py-->line:95】-INFO:在 首页--点击进入商户管理 查找元素：('xpath', '//*[@id="app"]/div/div[1]/div[2]/div[1]/div/ul/div[5]/li/ul/div[1]/a/li').
2022-03-25 14:28:06,579-【basepage.py-->line:110】-INFO:在 首页--点击进入商户管理 点击('xpath', '//*[@id="app"]/div/div[1]/div[2]/div[1]/div/ul/div[5]/li/ul/div[1]/a/li')元素.
2022-03-25 14:28:06,621-【basepage.py-->line:73】-INFO:等待 ('xpath', '//input[@placeholder="请输入ID"]') 元素可见.
2022-03-25 14:28:07,659-【basepage.py-->line:95】-INFO:在 商户管理页面-- 输入id 查找元素：('xpath', '//input[@placeholder="请输入ID"]').
2022-03-25 14:28:07,664-【basepage.py-->line:122】-INFO:在 商户管理页面-- 输入id 往元素 ('xpath', '//input[@placeholder="请输入ID"]') 输入文本值：6.
2022-03-25 14:28:07,702-【basepage.py-->line:73】-INFO:等待 ('xpath', "//span[text()='搜索']") 元素可见.
2022-03-25 14:28:07,715-【basepage.py-->line:95】-INFO:在 商户管理页面-- 点击搜索 查找元素：('xpath', "//span[text()='搜索']").
2022-03-25 14:28:07,721-【basepage.py-->line:110】-INFO:在 商户管理页面-- 点击搜索 点击('xpath', "//span[text()='搜索']")元素.
2022-03-25 14:28:08,773-【basepage.py-->line:73】-INFO:等待 ('xpath', '//*[@id="app"]/div/div[2]/section/div/div[2]/div[3]/table/tbody/tr/td[20]/div/button[1]/span') 元素可见.
2022-03-25 14:28:08,788-【basepage.py-->line:95】-INFO:在 商户管理页面-- 点击 修改 按钮 查找元素：('xpath', '//*[@id="app"]/div/div[2]/section/div/div[2]/div[3]/table/tbody/tr/td[20]/div/button[1]/span').
2022-03-25 14:28:08,793-【basepage.py-->line:110】-INFO:在 商户管理页面-- 点击 修改 按钮 点击('xpath', '//*[@id="app"]/div/div[2]/section/div/div[2]/div[3]/table/tbody/tr/td[20]/div/button[1]/span')元素.
2022-03-25 14:28:09,847-【basepage.py-->line:73】-INFO:等待 ('xpath', '//span[text()="确定保存"]') 元素可见.
2022-03-25 14:28:09,863-【basepage.py-->line:95】-INFO:在 商户管理页面-- 点击保存 查找元素：('xpath', '//span[text()="确定保存"]').
2022-03-25 14:28:09,869-【basepage.py-->line:110】-INFO:在 商户管理页面-- 点击保存 点击('xpath', '//span[text()="确定保存"]')元素.
2022-03-25 14:28:09,906-【basepage.py-->line:73】-INFO:等待 ('xpath', '//p[text()="保存成功！"]') 元素可见.
2022-03-25 14:28:10,437-【basepage.py-->line:95】-INFO:在 商户管理页面--获取提示语 查找元素：('xpath', '//p[text()="保存成功！"]').
2022-03-25 14:28:10,441-【basepage.py-->line:149】-INFO:在 商户管理页面--获取提示语 获取元素 ('xpath', '//p[text()="保存成功！"]') 的文本内容.
2022-03-25 14:28:10,452-【basepage.py-->line:157】-INFO:文本值为：保存成功！
2022-03-25 14:28:15,064-【basepage.py-->line:95】-INFO:在 登录页面--清除密码 查找元素：('xpath', '//input[@placeholder="密码"]').
2022-03-25 14:28:15,097-【basepage.py-->line:73】-INFO:等待 ('xpath', '//input[@placeholder="密码"]') 元素可见.
2022-03-25 14:28:15,113-【basepage.py-->line:95】-INFO:在 登录页面--输入密码 查找元素：('xpath', '//input[@placeholder="密码"]').
2022-03-25 14:28:15,118-【basepage.py-->line:122】-INFO:在 登录页面--输入密码 往元素 ('xpath', '//input[@placeholder="密码"]') 输入文本值：admin.123.
2022-03-25 14:28:15,169-【basepage.py-->line:73】-INFO:等待 ('xpath', '//input[@placeholder="验证码"]') 元素可见.
2022-03-25 14:28:15,186-【basepage.py-->line:95】-INFO:在 登录页面--输入验证码 查找元素：('xpath', '//input[@placeholder="验证码"]').
2022-03-25 14:28:15,190-【basepage.py-->line:122】-INFO:在 登录页面--输入验证码 往元素 ('xpath', '//input[@placeholder="验证码"]') 输入文本值：0000.
2022-03-25 14:28:15,226-【basepage.py-->line:73】-INFO:等待 ('xpath', '//button[@type="button"]') 元素可见.
2022-03-25 14:28:15,240-【basepage.py-->line:95】-INFO:在 登录页面--点击登录按钮 查找元素：('xpath', '//button[@type="button"]').
2022-03-25 14:28:15,244-【basepage.py-->line:110】-INFO:在 登录页面--点击登录按钮 点击('xpath', '//button[@type="button"]')元素.
2022-03-25 14:28:16,270-【basepage.py-->line:73】-INFO:等待 ('xpath', '//span[text()="商品管理"]') 元素可见.
2022-03-25 14:28:16,286-【basepage.py-->line:95】-INFO:在 首页-点击进入商品管理 查找元素：('xpath', '//span[text()="商品管理"]').
2022-03-25 14:28:16,291-【basepage.py-->line:110】-INFO:在 首页-点击进入商品管理 点击('xpath', '//span[text()="商品管理"]')元素.
2022-03-25 14:28:16,324-【basepage.py-->line:73】-INFO:等待 ('xpath', '//*[@id="app"]/div/div[1]/div[2]/div[1]/div/ul/div[5]/li/ul/div[1]/a/li') 元素可见.
2022-03-25 14:28:16,341-【basepage.py-->line:95】-INFO:在 首页--点击进入商户管理 查找元素：('xpath', '//*[@id="app"]/div/div[1]/div[2]/div[1]/div/ul/div[5]/li/ul/div[1]/a/li').
2022-03-25 14:28:16,345-【basepage.py-->line:110】-INFO:在 首页--点击进入商户管理 点击('xpath', '//*[@id="app"]/div/div[1]/div[2]/div[1]/div/ul/div[5]/li/ul/div[1]/a/li')元素.
2022-03-25 14:28:16,384-【basepage.py-->line:73】-INFO:等待 ('xpath', '//input[@placeholder="请输入ID"]') 元素可见.
2022-03-25 14:28:17,412-【basepage.py-->line:95】-INFO:在 商户管理页面-- 输入id 查找元素：('xpath', '//input[@placeholder="请输入ID"]').
2022-03-25 14:28:17,418-【basepage.py-->line:122】-INFO:在 商户管理页面-- 输入id 往元素 ('xpath', '//input[@placeholder="请输入ID"]') 输入文本值：6.
2022-03-25 14:28:17,474-【basepage.py-->line:73】-INFO:等待 ('xpath', "//span[text()='搜索']") 元素可见.
2022-03-25 14:28:17,490-【basepage.py-->line:95】-INFO:在 商户管理页面-- 点击搜索 查找元素：('xpath', "//span[text()='搜索']").
2022-03-25 14:28:17,495-【basepage.py-->line:110】-INFO:在 商户管理页面-- 点击搜索 点击('xpath', "//span[text()='搜索']")元素.
2022-03-25 14:28:19,545-【basepage.py-->line:73】-INFO:等待 ('xpath', "//span[@class='el-pagination__total']") 元素可见.
2022-03-25 14:28:19,559-【basepage.py-->line:95】-INFO:在 商户管理页面-- 获取数目条数 查找元素：('xpath', "//span[@class='el-pagination__total']").
2022-03-25 14:28:19,564-【basepage.py-->line:149】-INFO:在 商户管理页面-- 获取数目条数 获取元素 ('xpath', "//span[@class='el-pagination__total']") 的文本内容.
2022-03-25 14:28:19,572-【basepage.py-->line:157】-INFO:文本值为：共 1 条
2022-03-25 14:28:24,246-【basepage.py-->line:95】-INFO:在 登录页面--清除密码 查找元素：('xpath', '//input[@placeholder="密码"]').
2022-03-25 14:28:24,279-【basepage.py-->line:73】-INFO:等待 ('xpath', '//input[@placeholder="密码"]') 元素可见.
2022-03-25 14:28:24,295-【basepage.py-->line:95】-INFO:在 登录页面--输入密码 查找元素：('xpath', '//input[@placeholder="密码"]').
2022-03-25 14:28:24,300-【basepage.py-->line:122】-INFO:在 登录页面--输入密码 往元素 ('xpath', '//input[@placeholder="密码"]') 输入文本值：admin.123.
2022-03-25 14:28:24,351-【basepage.py-->line:73】-INFO:等待 ('xpath', '//input[@placeholder="验证码"]') 元素可见.
2022-03-25 14:28:24,367-【basepage.py-->line:95】-INFO:在 登录页面--输入验证码 查找元素：('xpath', '//input[@placeholder="验证码"]').
2022-03-25 14:28:24,371-【basepage.py-->line:122】-INFO:在 登录页面--输入验证码 往元素 ('xpath', '//input[@placeholder="验证码"]') 输入文本值：0000.
2022-03-25 14:28:24,410-【basepage.py-->line:73】-INFO:等待 ('xpath', '//button[@type="button"]') 元素可见.
2022-03-25 14:28:24,423-【basepage.py-->line:95】-INFO:在 登录页面--点击登录按钮 查找元素：('xpath', '//button[@type="button"]').
2022-03-25 14:28:24,428-【basepage.py-->line:110】-INFO:在 登录页面--点击登录按钮 点击('xpath', '//button[@type="button"]')元素.
2022-03-25 14:28:25,454-【basepage.py-->line:73】-INFO:等待 ('xpath', '//span[text()="商品管理"]') 元素可见.
2022-03-25 14:28:25,468-【basepage.py-->line:95】-INFO:在 首页-点击进入商品管理 查找元素：('xpath', '//span[text()="商品管理"]').
2022-03-25 14:28:25,472-【basepage.py-->line:110】-INFO:在 首页-点击进入商品管理 点击('xpath', '//span[text()="商品管理"]')元素.
2022-03-25 14:28:25,507-【basepage.py-->line:73】-INFO:等待 ('xpath', '//*[@id="app"]/div/div[1]/div[2]/div[1]/div/ul/div[5]/li/ul/div[1]/a/li') 元素可见.
2022-03-25 14:28:25,523-【basepage.py-->line:95】-INFO:在 首页--点击进入商户管理 查找元素：('xpath', '//*[@id="app"]/div/div[1]/div[2]/div[1]/div/ul/div[5]/li/ul/div[1]/a/li').
2022-03-25 14:28:25,527-【basepage.py-->line:110】-INFO:在 首页--点击进入商户管理 点击('xpath', '//*[@id="app"]/div/div[1]/div[2]/div[1]/div/ul/div[5]/li/ul/div[1]/a/li')元素.
2022-03-25 14:28:25,562-【basepage.py-->line:73】-INFO:等待 ('xpath', '//input[@placeholder="请输入ID"]') 元素可见.
2022-03-25 14:28:26,592-【basepage.py-->line:95】-INFO:在 商户管理页面-- 输入id 查找元素：('xpath', '//input[@placeholder="请输入ID"]').
2022-03-25 14:28:26,597-【basepage.py-->line:122】-INFO:在 商户管理页面-- 输入id 往元素 ('xpath', '//input[@placeholder="请输入ID"]') 输入文本值：6.
2022-03-25 14:28:26,650-【basepage.py-->line:73】-INFO:等待 ('xpath', "//span[text()='搜索']") 元素可见.
2022-03-25 14:28:26,666-【basepage.py-->line:95】-INFO:在 商户管理页面-- 点击搜索 查找元素：('xpath', "//span[text()='搜索']").
2022-03-25 14:28:26,672-【basepage.py-->line:110】-INFO:在 商户管理页面-- 点击搜索 点击('xpath', "//span[text()='搜索']")元素.
2022-03-25 14:28:28,727-【basepage.py-->line:73】-INFO:等待 ('xpath', '//*[@id="app"]/div/div[2]/section/div/div[2]/div[3]/table/tbody/tr/td[11]/div') 元素可见.
2022-03-25 14:28:28,741-【basepage.py-->line:95】-INFO:在 商户管理页面--获取充值之前积分数 查找元素：('xpath', '//*[@id="app"]/div/div[2]/section/div/div[2]/div[3]/table/tbody/tr/td[11]/div').
2022-03-25 14:28:28,746-【basepage.py-->line:149】-INFO:在 商户管理页面--获取充值之前积分数 获取元素 ('xpath', '//*[@id="app"]/div/div[2]/section/div/div[2]/div[3]/table/tbody/tr/td[11]/div') 的文本内容.
2022-03-25 14:28:28,754-【basepage.py-->line:157】-INFO:文本值为：140
2022-03-25 14:28:28,754-【basepage.py-->line:73】-INFO:等待 ('xpath', '//*[@id="app"]/div/div[2]/section/div/div[2]/div[3]/table/tbody/tr/td[20]/div/button[2]/span') 元素可见.
2022-03-25 14:28:28,768-【basepage.py-->line:95】-INFO:在 商户管理页面--点击充值 查找元素：('xpath', '//*[@id="app"]/div/div[2]/section/div/div[2]/div[3]/table/tbody/tr/td[20]/div/button[2]/span').
2022-03-25 14:28:28,773-【basepage.py-->line:110】-INFO:在 商户管理页面--点击充值 点击('xpath', '//*[@id="app"]/div/div[2]/section/div/div[2]/div[3]/table/tbody/tr/td[20]/div/button[2]/span')元素.
2022-03-25 14:28:28,818-【basepage.py-->line:73】-INFO:等待 ('xpath', '//input[@placeholder="请输入积分数量"]') 元素可见.
2022-03-25 14:28:29,342-【basepage.py-->line:95】-INFO:在 商户管理页面-- 输入金额 查找元素：('xpath', '//input[@placeholder="请输入积分数量"]').
2022-03-25 14:28:29,346-【basepage.py-->line:122】-INFO:在 商户管理页面-- 输入金额 往元素 ('xpath', '//input[@placeholder="请输入积分数量"]') 输入文本值：10.
2022-03-25 14:28:29,388-【basepage.py-->line:73】-INFO:等待 ('xpath', '/html/body/div[2]/div/div[3]/div/button[1]') 元素可见.
2022-03-25 14:28:29,403-【basepage.py-->line:95】-INFO:在 商户管理页面--点击确定 查找元素：('xpath', '/html/body/div[2]/div/div[3]/div/button[1]').
2022-03-25 14:28:29,409-【basepage.py-->line:110】-INFO:在 商户管理页面--点击确定 点击('xpath', '/html/body/div[2]/div/div[3]/div/button[1]')元素.
2022-03-25 14:28:30,438-【basepage.py-->line:73】-INFO:等待 ('xpath', '//*[@id="app"]/div/div[2]/section/div/div[2]/div[3]/table/tbody/tr/td[11]/div') 元素可见.
2022-03-25 14:28:30,450-【basepage.py-->line:95】-INFO:在 商户管理页面--获取充值之后积分数 查找元素：('xpath', '//*[@id="app"]/div/div[2]/section/div/div[2]/div[3]/table/tbody/tr/td[11]/div').
2022-03-25 14:28:30,455-【basepage.py-->line:149】-INFO:在 商户管理页面--获取充值之后积分数 获取元素 ('xpath', '//*[@id="app"]/div/div[2]/section/div/div[2]/div[3]/table/tbody/tr/td[11]/div') 的文本内容.
2022-03-25 14:28:30,459-【basepage.py-->line:157】-INFO:文本值为：150
2022-03-25 14:28:35,451-【basepage.py-->line:95】-INFO:在 登录页面--清除密码 查找元素：('xpath', '//input[@placeholder="密码"]').
2022-03-25 14:28:35,523-【basepage.py-->line:73】-INFO:等待 ('xpath', '//input[@placeholder="密码"]') 元素可见.
2022-03-25 14:28:35,548-【basepage.py-->line:95】-INFO:在 登录页面--输入密码 查找元素：('xpath', '//input[@placeholder="密码"]').
2022-03-25 14:28:35,556-【basepage.py-->line:122】-INFO:在 登录页面--输入密码 往元素 ('xpath', '//input[@placeholder="密码"]') 输入文本值：admin.123.
2022-03-25 14:28:35,634-【basepage.py-->line:73】-INFO:等待 ('xpath', '//input[@placeholder="验证码"]') 元素可见.
2022-03-25 14:28:35,654-【basepage.py-->line:95】-INFO:在 登录页面--输入验证码 查找元素：('xpath', '//input[@placeholder="验证码"]').
2022-03-25 14:28:35,659-【basepage.py-->line:122】-INFO:在 登录页面--输入验证码 往元素 ('xpath', '//input[@placeholder="验证码"]') 输入文本值：0000.
2022-03-25 14:28:35,696-【basepage.py-->line:73】-INFO:等待 ('xpath', '//button[@type="button"]') 元素可见.
2022-03-25 14:28:35,711-【basepage.py-->line:95】-INFO:在 登录页面--点击登录按钮 查找元素：('xpath', '//button[@type="button"]').
2022-03-25 14:28:35,715-【basepage.py-->line:110】-INFO:在 登录页面--点击登录按钮 点击('xpath', '//button[@type="button"]')元素.
2022-03-25 14:28:36,742-【basepage.py-->line:73】-INFO:等待 ('xpath', '//span[text()="商品管理"]') 元素可见.
2022-03-25 14:28:36,755-【basepage.py-->line:95】-INFO:在 首页-点击进入商品管理 查找元素：('xpath', '//span[text()="商品管理"]').
2022-03-25 14:28:36,760-【basepage.py-->line:110】-INFO:在 首页-点击进入商品管理 点击('xpath', '//span[text()="商品管理"]')元素.
2022-03-25 14:28:36,794-【basepage.py-->line:73】-INFO:等待 ('xpath', '//*[@id="app"]/div/div[1]/div[2]/div[1]/div/ul/div[5]/li/ul/div[1]/a/li') 元素可见.
2022-03-25 14:28:36,811-【basepage.py-->line:95】-INFO:在 首页--点击进入商户管理 查找元素：('xpath', '//*[@id="app"]/div/div[1]/div[2]/div[1]/div/ul/div[5]/li/ul/div[1]/a/li').
2022-03-25 14:28:36,816-【basepage.py-->line:110】-INFO:在 首页--点击进入商户管理 点击('xpath', '//*[@id="app"]/div/div[1]/div[2]/div[1]/div/ul/div[5]/li/ul/div[1]/a/li')元素.
2022-03-25 14:28:36,858-【basepage.py-->line:73】-INFO:等待 ('xpath', '//input[@placeholder="请输入ID"]') 元素可见.
2022-03-25 14:28:37,893-【basepage.py-->line:95】-INFO:在 商户管理页面-- 输入id 查找元素：('xpath', '//input[@placeholder="请输入ID"]').
2022-03-25 14:28:37,898-【basepage.py-->line:122】-INFO:在 商户管理页面-- 输入id 往元素 ('xpath', '//input[@placeholder="请输入ID"]') 输入文本值：6.
2022-03-25 14:28:37,939-【basepage.py-->line:73】-INFO:等待 ('xpath', "//span[text()='搜索']") 元素可见.
2022-03-25 14:28:37,954-【basepage.py-->line:95】-INFO:在 商户管理页面-- 点击搜索 查找元素：('xpath', "//span[text()='搜索']").
2022-03-25 14:28:37,959-【basepage.py-->line:110】-INFO:在 商户管理页面-- 点击搜索 点击('xpath', "//span[text()='搜索']")元素.
2022-03-25 14:28:40,010-【basepage.py-->line:73】-INFO:等待 ('xpath', '//*[@id="app"]/div/div[2]/section/div/div[2]/div[3]/table/tbody/tr/td[12]') 元素可见.
2022-03-25 14:28:40,024-【basepage.py-->line:95】-INFO:在 商户管理页面--冻结前的金额 查找元素：('xpath', '//*[@id="app"]/div/div[2]/section/div/div[2]/div[3]/table/tbody/tr/td[12]').
2022-03-25 14:28:40,028-【basepage.py-->line:149】-INFO:在 商户管理页面--冻结前的金额 获取元素 ('xpath', '//*[@id="app"]/div/div[2]/section/div/div[2]/div[3]/table/tbody/tr/td[12]') 的文本内容.
2022-03-25 14:28:40,037-【basepage.py-->line:157】-INFO:文本值为：10
2022-03-25 14:28:40,038-【basepage.py-->line:73】-INFO:等待 ('xpath', '//span[text()="冻结"]') 元素可见.
2022-03-25 14:28:40,051-【basepage.py-->line:95】-INFO:在 商户管理页面--点击冻结 查找元素：('xpath', '//span[text()="冻结"]').
2022-03-25 14:28:40,056-【basepage.py-->line:110】-INFO:在 商户管理页面--点击冻结 点击('xpath', '//span[text()="冻结"]')元素.
2022-03-25 14:28:40,103-【basepage.py-->line:73】-INFO:等待 ('xpath', "//input[@placeholder='请输入积分数量']") 元素可见.
2022-03-25 14:28:40,631-【basepage.py-->line:95】-INFO:在 商户管理页面-- 输入冻结金额 查找元素：('xpath', "//input[@placeholder='请输入积分数量']").
2022-03-25 14:28:40,635-【basepage.py-->line:122】-INFO:在 商户管理页面-- 输入冻结金额 往元素 ('xpath', "//input[@placeholder='请输入积分数量']") 输入文本值：10.
2022-03-25 14:28:40,678-【basepage.py-->line:73】-INFO:等待 ('xpath', '/html/body/div[2]/div/div[3]/div/button[1]') 元素可见.
2022-03-25 14:28:40,692-【basepage.py-->line:95】-INFO:在 商户管理页面--点击确定 查找元素：('xpath', '/html/body/div[2]/div/div[3]/div/button[1]').
2022-03-25 14:28:40,697-【basepage.py-->line:110】-INFO:在 商户管理页面--点击确定 点击('xpath', '/html/body/div[2]/div/div[3]/div/button[1]')元素.
2022-03-25 14:28:41,720-【basepage.py-->line:73】-INFO:等待 ('xpath', '//*[@id="app"]/div/div[2]/section/div/div[2]/div[3]/table/tbody/tr/td[12]') 元素可见.
2022-03-25 14:28:41,731-【basepage.py-->line:95】-INFO:在 商户管理页面--获取充值之后积分数 查找元素：('xpath', '//*[@id="app"]/div/div[2]/section/div/div[2]/div[3]/table/tbody/tr/td[12]').
2022-03-25 14:28:41,736-【basepage.py-->line:149】-INFO:在 商户管理页面--获取充值之后积分数 获取元素 ('xpath', '//*[@id="app"]/div/div[2]/section/div/div[2]/div[3]/table/tbody/tr/td[12]') 的文本内容.
2022-03-25 14:28:41,741-【basepage.py-->line:157】-INFO:文本值为：20
2022-03-25 14:28:46,341-【basepage.py-->line:95】-INFO:在 登录页面--清除密码 查找元素：('xpath', '//input[@placeholder="密码"]').
2022-03-25 14:28:46,374-【basepage.py-->line:73】-INFO:等待 ('xpath', '//input[@placeholder="密码"]') 元素可见.
2022-03-25 14:28:46,388-【basepage.py-->line:95】-INFO:在 登录页面--输入密码 查找元素：('xpath', '//input[@placeholder="密码"]').
2022-03-25 14:28:46,393-【basepage.py-->line:122】-INFO:在 登录页面--输入密码 往元素 ('xpath', '//input[@placeholder="密码"]') 输入文本值：admin.123.
2022-03-25 14:28:46,451-【basepage.py-->line:73】-INFO:等待 ('xpath', '//input[@placeholder="验证码"]') 元素可见.
2022-03-25 14:28:46,467-【basepage.py-->line:95】-INFO:在 登录页面--输入验证码 查找元素：('xpath', '//input[@placeholder="验证码"]').
2022-03-25 14:28:46,472-【basepage.py-->line:122】-INFO:在 登录页面--输入验证码 往元素 ('xpath', '//input[@placeholder="验证码"]') 输入文本值：0000.
2022-03-25 14:28:46,508-【basepage.py-->line:73】-INFO:等待 ('xpath', '//button[@type="button"]') 元素可见.
2022-03-25 14:28:46,522-【basepage.py-->line:95】-INFO:在 登录页面--点击登录按钮 查找元素：('xpath', '//button[@type="button"]').
2022-03-25 14:28:46,526-【basepage.py-->line:110】-INFO:在 登录页面--点击登录按钮 点击('xpath', '//button[@type="button"]')元素.
2022-03-25 14:28:47,551-【basepage.py-->line:73】-INFO:等待 ('xpath', '//span[text()="商品管理"]') 元素可见.
2022-03-25 14:28:47,566-【basepage.py-->line:95】-INFO:在 首页-点击进入商品管理 查找元素：('xpath', '//span[text()="商品管理"]').
2022-03-25 14:28:47,570-【basepage.py-->line:110】-INFO:在 首页-点击进入商品管理 点击('xpath', '//span[text()="商品管理"]')元素.
2022-03-25 14:28:47,604-【basepage.py-->line:73】-INFO:等待 ('xpath', '//*[@id="app"]/div/div[1]/div[2]/div[1]/div/ul/div[5]/li/ul/div[1]/a/li') 元素可见.
2022-03-25 14:28:47,621-【basepage.py-->line:95】-INFO:在 首页--点击进入商户管理 查找元素：('xpath', '//*[@id="app"]/div/div[1]/div[2]/div[1]/div/ul/div[5]/li/ul/div[1]/a/li').
2022-03-25 14:28:47,625-【basepage.py-->line:110】-INFO:在 首页--点击进入商户管理 点击('xpath', '//*[@id="app"]/div/div[1]/div[2]/div[1]/div/ul/div[5]/li/ul/div[1]/a/li')元素.
2022-03-25 14:28:47,664-【basepage.py-->line:73】-INFO:等待 ('xpath', '//input[@placeholder="请输入ID"]') 元素可见.
2022-03-25 14:28:48,708-【basepage.py-->line:95】-INFO:在 商户管理页面-- 输入id 查找元素：('xpath', '//input[@placeholder="请输入ID"]').
2022-03-25 14:28:48,712-【basepage.py-->line:122】-INFO:在 商户管理页面-- 输入id 往元素 ('xpath', '//input[@placeholder="请输入ID"]') 输入文本值：6.
2022-03-25 14:28:48,750-【basepage.py-->line:73】-INFO:等待 ('xpath', "//span[text()='搜索']") 元素可见.
2022-03-25 14:28:48,765-【basepage.py-->line:95】-INFO:在 商户管理页面-- 点击搜索 查找元素：('xpath', "//span[text()='搜索']").
2022-03-25 14:28:48,771-【basepage.py-->line:110】-INFO:在 商户管理页面-- 点击搜索 点击('xpath', "//span[text()='搜索']")元素.
2022-03-25 14:28:50,840-【basepage.py-->line:73】-INFO:等待 ('xpath', '//*[@id="app"]/div/div[2]/section/div/div[2]/div[3]/table/tbody/tr/td[12]') 元素可见.
2022-03-25 14:28:50,855-【basepage.py-->line:95】-INFO:在 商户管理页面--解冻结前的金额 查找元素：('xpath', '//*[@id="app"]/div/div[2]/section/div/div[2]/div[3]/table/tbody/tr/td[12]').
2022-03-25 14:28:50,859-【basepage.py-->line:149】-INFO:在 商户管理页面--解冻结前的金额 获取元素 ('xpath', '//*[@id="app"]/div/div[2]/section/div/div[2]/div[3]/table/tbody/tr/td[12]') 的文本内容.
2022-03-25 14:28:50,868-【basepage.py-->line:157】-INFO:文本值为：20
2022-03-25 14:28:50,868-【basepage.py-->line:73】-INFO:等待 ('xpath', '//span[text()="解冻"]') 元素可见.
2022-03-25 14:28:50,881-【basepage.py-->line:95】-INFO:在 商户管理页面--点击解冻 查找元素：('xpath', '//span[text()="解冻"]').
2022-03-25 14:28:50,885-【basepage.py-->line:110】-INFO:在 商户管理页面--点击解冻 点击('xpath', '//span[text()="解冻"]')元素.
2022-03-25 14:28:50,930-【basepage.py-->line:73】-INFO:等待 ('xpath', '//input[@placeholder="请输入积分数量"]') 元素可见.
2022-03-25 14:28:51,454-【basepage.py-->line:95】-INFO:在 商户管理页面-- 输入冻结金额 查找元素：('xpath', '//input[@placeholder="请输入积分数量"]').
2022-03-25 14:28:51,458-【basepage.py-->line:122】-INFO:在 商户管理页面-- 输入冻结金额 往元素 ('xpath', '//input[@placeholder="请输入积分数量"]') 输入文本值：10.
2022-03-25 14:28:51,501-【basepage.py-->line:73】-INFO:等待 ('xpath', '/html/body/div[2]/div/div[3]/div/button[1]') 元素可见.
2022-03-25 14:28:51,515-【basepage.py-->line:95】-INFO:在 商户管理页面--点击确定 查找元素：('xpath', '/html/body/div[2]/div/div[3]/div/button[1]').
2022-03-25 14:28:51,520-【basepage.py-->line:110】-INFO:在 商户管理页面--点击确定 点击('xpath', '/html/body/div[2]/div/div[3]/div/button[1]')元素.
2022-03-25 14:28:52,542-【basepage.py-->line:73】-INFO:等待 ('xpath', '//*[@id="app"]/div/div[2]/section/div/div[2]/div[3]/table/tbody/tr/td[12]') 元素可见.
2022-03-25 14:28:52,553-【basepage.py-->line:95】-INFO:在 商户管理页面--获取充值之后积分数 查找元素：('xpath', '//*[@id="app"]/div/div[2]/section/div/div[2]/div[3]/table/tbody/tr/td[12]').
2022-03-25 14:28:52,558-【basepage.py-->line:149】-INFO:在 商户管理页面--获取充值之后积分数 获取元素 ('xpath', '//*[@id="app"]/div/div[2]/section/div/div[2]/div[3]/table/tbody/tr/td[12]') 的文本内容.
2022-03-25 14:28:52,563-【basepage.py-->line:157】-INFO:文本值为：10
2022-03-25 14:28:57,298-【basepage.py-->line:95】-INFO:在 登录页面--清除密码 查找元素：('xpath', '//input[@placeholder="密码"]').
2022-03-25 14:28:57,332-【basepage.py-->line:73】-INFO:等待 ('xpath', '//input[@placeholder="密码"]') 元素可见.
2022-03-25 14:28:57,347-【basepage.py-->line:95】-INFO:在 登录页面--输入密码 查找元素：('xpath', '//input[@placeholder="密码"]').
2022-03-25 14:28:57,352-【basepage.py-->line:122】-INFO:在 登录页面--输入密码 往元素 ('xpath', '//input[@placeholder="密码"]') 输入文本值：admin.123.
2022-03-25 14:28:57,405-【basepage.py-->line:73】-INFO:等待 ('xpath', '//input[@placeholder="验证码"]') 元素可见.
2022-03-25 14:28:57,422-【basepage.py-->line:95】-INFO:在 登录页面--输入验证码 查找元素：('xpath', '//input[@placeholder="验证码"]').
2022-03-25 14:28:57,426-【basepage.py-->line:122】-INFO:在 登录页面--输入验证码 往元素 ('xpath', '//input[@placeholder="验证码"]') 输入文本值：0000.
2022-03-25 14:28:57,461-【basepage.py-->line:73】-INFO:等待 ('xpath', '//button[@type="button"]') 元素可见.
2022-03-25 14:28:57,475-【basepage.py-->line:95】-INFO:在 登录页面--点击登录按钮 查找元素：('xpath', '//button[@type="button"]').
2022-03-25 14:28:57,479-【basepage.py-->line:110】-INFO:在 登录页面--点击登录按钮 点击('xpath', '//button[@type="button"]')元素.
2022-03-25 14:28:58,506-【basepage.py-->line:73】-INFO:等待 ('xpath', '//span[text()="商品管理"]') 元素可见.
2022-03-25 14:28:58,521-【basepage.py-->line:95】-INFO:在 首页-点击进入商品管理 查找元素：('xpath', '//span[text()="商品管理"]').
2022-03-25 14:28:58,525-【basepage.py-->line:110】-INFO:在 首页-点击进入商品管理 点击('xpath', '//span[text()="商品管理"]')元素.
2022-03-25 14:28:58,561-【basepage.py-->line:73】-INFO:等待 ('xpath', '//*[@id="app"]/div/div[1]/div[2]/div[1]/div/ul/div[5]/li/ul/div[1]/a/li') 元素可见.
2022-03-25 14:28:58,577-【basepage.py-->line:95】-INFO:在 首页--点击进入商户管理 查找元素：('xpath', '//*[@id="app"]/div/div[1]/div[2]/div[1]/div/ul/div[5]/li/ul/div[1]/a/li').
2022-03-25 14:28:58,582-【basepage.py-->line:110】-INFO:在 首页--点击进入商户管理 点击('xpath', '//*[@id="app"]/div/div[1]/div[2]/div[1]/div/ul/div[5]/li/ul/div[1]/a/li')元素.
2022-03-25 14:28:58,629-【basepage.py-->line:73】-INFO:等待 ('xpath', '//input[@placeholder="请输入ID"]') 元素可见.
2022-03-25 14:28:59,661-【basepage.py-->line:95】-INFO:在 商户管理页面-- 输入id 查找元素：('xpath', '//input[@placeholder="请输入ID"]').
2022-03-25 14:28:59,667-【basepage.py-->line:122】-INFO:在 商户管理页面-- 输入id 往元素 ('xpath', '//input[@placeholder="请输入ID"]') 输入文本值：6.
2022-03-25 14:28:59,706-【basepage.py-->line:73】-INFO:等待 ('xpath', "//span[text()='搜索']") 元素可见.
2022-03-25 14:28:59,722-【basepage.py-->line:95】-INFO:在 商户管理页面-- 点击搜索 查找元素：('xpath', "//span[text()='搜索']").
2022-03-25 14:28:59,727-【basepage.py-->line:110】-INFO:在 商户管理页面-- 点击搜索 点击('xpath', "//span[text()='搜索']")元素.
2022-03-25 14:29:00,778-【basepage.py-->line:73】-INFO:等待 ('xpath', '//*[@id="app"]/div/div[2]/section/div/div[2]/div[3]/table/tbody/tr/td[20]/div/button[5]/span') 元素可见.
2022-03-25 14:29:00,793-【basepage.py-->line:95】-INFO:在 商户管理页面-- 点击进入员工管理 查找元素：('xpath', '//*[@id="app"]/div/div[2]/section/div/div[2]/div[3]/table/tbody/tr/td[20]/div/button[5]/span').
2022-03-25 14:29:00,798-【basepage.py-->line:110】-INFO:在 商户管理页面-- 点击进入员工管理 点击('xpath', '//*[@id="app"]/div/div[2]/section/div/div[2]/div[3]/table/tbody/tr/td[20]/div/button[5]/span')元素.
2022-03-25 14:29:01,859-【basepage.py-->line:73】-INFO:等待 ('xpath', '//*[@id="app"]/div/div[2]/section/div/div[1]/div[1]') 元素可见.
2022-03-25 14:29:01,874-【basepage.py-->line:95】-INFO:在 商户管理页面-- 点击添加员工 查找元素：('xpath', '//*[@id="app"]/div/div[2]/section/div/div[1]/div[1]').
2022-03-25 14:29:01,878-【basepage.py-->line:110】-INFO:在 商户管理页面-- 点击添加员工 点击('xpath', '//*[@id="app"]/div/div[2]/section/div/div[1]/div[1]')元素.
2022-03-25 14:29:01,922-【basepage.py-->line:73】-INFO:等待 ('xpath', '//input[@placeholder="请输入手机号码"]') 元素可见.
2022-03-25 14:29:01,937-【basepage.py-->line:95】-INFO:在 商户管理页面-- 输入手机号 查找元素：('xpath', '//input[@placeholder="请输入手机号码"]').
2022-03-25 14:29:01,943-【basepage.py-->line:122】-INFO:在 商户管理页面-- 输入手机号 往元素 ('xpath', '//input[@placeholder="请输入手机号码"]') 输入文本值：17608011575.
2022-03-25 14:29:02,018-【basepage.py-->line:73】-INFO:等待 ('xpath', '//div[@class="el-input el-input--medium"]//input[@placeholder="请输入姓名"]') 元素可见.
2022-03-25 14:29:02,032-【basepage.py-->line:95】-INFO:在 商户管理页面-- 输入名称 查找元素：('xpath', '//div[@class="el-input el-input--medium"]//input[@placeholder="请输入姓名"]').
2022-03-25 14:29:02,039-【basepage.py-->line:122】-INFO:在 商户管理页面-- 输入名称 往元素 ('xpath', '//div[@class="el-input el-input--medium"]//input[@placeholder="请输入姓名"]') 输入文本值：六六六.
2022-03-25 14:29:03,072-【basepage.py-->line:73】-INFO:等待 ('xpath', '//span[text()="确 定"]') 元素可见.
2022-03-25 14:29:03,089-【basepage.py-->line:95】-INFO:在 商户管理页面-- 点击确定 查找元素：('xpath', '//span[text()="确 定"]').
2022-03-25 14:29:03,093-【basepage.py-->line:110】-INFO:在 商户管理页面-- 点击确定 点击('xpath', '//span[text()="确 定"]')元素.
2022-03-25 14:29:03,115-【basepage.py-->line:73】-INFO:等待 ('xpath', '//div[text()="六六六"]') 元素可见.
2022-03-25 14:29:03,128-【basepage.py-->line:95】-INFO:在 商户管理页面-- 判断 获取名称 查找元素：('xpath', '//div[text()="六六六"]').
2022-03-25 14:29:03,134-【basepage.py-->line:149】-INFO:在 商户管理页面-- 判断 获取名称 获取元素 ('xpath', '//div[text()="六六六"]') 的文本内容.
2022-03-25 14:29:03,143-【basepage.py-->line:157】-INFO:文本值为：六六六
2022-03-25 14:29:03,144-【basepage.py-->line:73】-INFO:等待 ('xpath', '//*[@id="app"]/div/div[2]/section/div/div[2]/div[3]/table/tbody/tr/td[6]/div/button[2]/span') 元素可见.
2022-03-25 14:29:03,159-【basepage.py-->line:95】-INFO:在 商户管理页面--点击删除按钮 查找元素：('xpath', '//*[@id="app"]/div/div[2]/section/div/div[2]/div[3]/table/tbody/tr/td[6]/div/button[2]/span').
2022-03-25 14:29:03,164-【basepage.py-->line:110】-INFO:在 商户管理页面--点击删除按钮 点击('xpath', '//*[@id="app"]/div/div[2]/section/div/div[2]/div[3]/table/tbody/tr/td[6]/div/button[2]/span')元素.
2022-03-25 14:29:04,356-【basepage.py-->line:42】-INFO:截取当前页面图片保存在： D:\pycharm\JiaoZiDT_Web_PO\Outputs/screensshots/商户管理页面--点击删除按钮_2022-03-25 14_29_04.png
2022-03-25 14:29:04,356-【basepage.py-->line:115】-ERROR:点击元素失败！
Traceback (most recent call last):
  File "D:\pycharm\JiaoZiDT_Web_PO\Common\basepage.py", line 112, in click_element
    ele.click()
  File "D:\python\lib\site-packages\selenium\webdriver\remote\webelement.py", line 80, in click
    self._execute(Command.CLICK_ELEMENT)
  File "D:\python\lib\site-packages\selenium\webdriver\remote\webelement.py", line 633, in _execute
    return self._parent.execute(command, params)
  File "D:\python\lib\site-packages\selenium\webdriver\remote\webdriver.py", line 321, in execute
    self.error_handler.check_response(response)
  File "D:\python\lib\site-packages\selenium\webdriver\remote\errorhandler.py", line 242, in check_response
    raise exception_class(message, screen, stacktrace)
selenium.common.exceptions.ElementClickInterceptedException: Message: element click intercepted: Element <span>...</span> is not clickable at point (1767, 267). Other element would receive the click: <div class="el-dialog__wrapper" style="z-index: 2001;">...</div>
  (Session info: chrome=99.0.4844.82)

2022-03-25 14:29:09,597-【basepage.py-->line:95】-INFO:在 登录页面--清除密码 查找元素：('xpath', '//input[@placeholder="密码"]').
2022-03-25 14:29:09,630-【basepage.py-->line:73】-INFO:等待 ('xpath', '//input[@placeholder="密码"]') 元素可见.
2022-03-25 14:29:09,645-【basepage.py-->line:95】-INFO:在 登录页面--输入密码 查找元素：('xpath', '//input[@placeholder="密码"]').
2022-03-25 14:29:09,650-【basepage.py-->line:122】-INFO:在 登录页面--输入密码 往元素 ('xpath', '//input[@placeholder="密码"]') 输入文本值：admin.123.
2022-03-25 14:29:09,701-【basepage.py-->line:73】-INFO:等待 ('xpath', '//input[@placeholder="验证码"]') 元素可见.
2022-03-25 14:29:09,718-【basepage.py-->line:95】-INFO:在 登录页面--输入验证码 查找元素：('xpath', '//input[@placeholder="验证码"]').
2022-03-25 14:29:09,723-【basepage.py-->line:122】-INFO:在 登录页面--输入验证码 往元素 ('xpath', '//input[@placeholder="验证码"]') 输入文本值：0000.
2022-03-25 14:29:09,760-【basepage.py-->line:73】-INFO:等待 ('xpath', '//button[@type="button"]') 元素可见.
2022-03-25 14:29:09,775-【basepage.py-->line:95】-INFO:在 登录页面--点击登录按钮 查找元素：('xpath', '//button[@type="button"]').
2022-03-25 14:29:09,778-【basepage.py-->line:110】-INFO:在 登录页面--点击登录按钮 点击('xpath', '//button[@type="button"]')元素.
2022-03-25 14:29:10,805-【basepage.py-->line:73】-INFO:等待 ('xpath', '//span[text()="商品管理"]') 元素可见.
2022-03-25 14:29:10,820-【basepage.py-->line:95】-INFO:在 首页-点击进入商品管理 查找元素：('xpath', '//span[text()="商品管理"]').
2022-03-25 14:29:10,825-【basepage.py-->line:110】-INFO:在 首页-点击进入商品管理 点击('xpath', '//span[text()="商品管理"]')元素.
2022-03-25 14:29:10,863-【basepage.py-->line:73】-INFO:等待 ('xpath', '//*[@id="app"]/div/div[1]/div[2]/div[1]/div/ul/div[5]/li/ul/div[1]/a/li') 元素可见.
2022-03-25 14:29:10,879-【basepage.py-->line:95】-INFO:在 首页--点击进入商户管理 查找元素：('xpath', '//*[@id="app"]/div/div[1]/div[2]/div[1]/div/ul/div[5]/li/ul/div[1]/a/li').
2022-03-25 14:29:10,885-【basepage.py-->line:110】-INFO:在 首页--点击进入商户管理 点击('xpath', '//*[@id="app"]/div/div[1]/div[2]/div[1]/div/ul/div[5]/li/ul/div[1]/a/li')元素.
2022-03-25 14:29:10,924-【basepage.py-->line:73】-INFO:等待 ('xpath', '//input[@placeholder="请输入ID"]') 元素可见.
2022-03-25 14:29:11,957-【basepage.py-->line:95】-INFO:在 商户管理页面-- 输入id 查找元素：('xpath', '//input[@placeholder="请输入ID"]').
2022-03-25 14:29:11,962-【basepage.py-->line:122】-INFO:在 商户管理页面-- 输入id 往元素 ('xpath', '//input[@placeholder="请输入ID"]') 输入文本值：6.
2022-03-25 14:29:12,006-【basepage.py-->line:73】-INFO:等待 ('xpath', "//span[text()='搜索']") 元素可见.
2022-03-25 14:29:12,023-【basepage.py-->line:95】-INFO:在 商户管理页面-- 点击搜索 查找元素：('xpath', "//span[text()='搜索']").
2022-03-25 14:29:12,028-【basepage.py-->line:110】-INFO:在 商户管理页面-- 点击搜索 点击('xpath', "//span[text()='搜索']")元素.
2022-03-25 14:29:13,090-【basepage.py-->line:73】-INFO:等待 ('xpath', '//*[@id="app"]/div/div[2]/section/div/div[2]/div[3]/table/tbody/tr/td[20]/div/button[5]/span') 元素可见.
2022-03-25 14:29:13,105-【basepage.py-->line:95】-INFO:在 商户管理页面-- 点击进入员工管理 查找元素：('xpath', '//*[@id="app"]/div/div[2]/section/div/div[2]/div[3]/table/tbody/tr/td[20]/div/button[5]/span').
2022-03-25 14:29:13,111-【basepage.py-->line:110】-INFO:在 商户管理页面-- 点击进入员工管理 点击('xpath', '//*[@id="app"]/div/div[2]/section/div/div[2]/div[3]/table/tbody/tr/td[20]/div/button[5]/span')元素.
2022-03-25 14:29:14,167-【basepage.py-->line:73】-INFO:等待 ('xpath', '//*[@id="app"]/div/div[2]/section/div/div[1]/div[1]') 元素可见.
2022-03-25 14:29:14,183-【basepage.py-->line:95】-INFO:在 商户管理页面-- 点击添加员工 查找元素：('xpath', '//*[@id="app"]/div/div[2]/section/div/div[1]/div[1]').
2022-03-25 14:29:14,188-【basepage.py-->line:110】-INFO:在 商户管理页面-- 点击添加员工 点击('xpath', '//*[@id="app"]/div/div[2]/section/div/div[1]/div[1]')元素.
2022-03-25 14:29:14,228-【basepage.py-->line:73】-INFO:等待 ('xpath', '//input[@placeholder="请输入手机号码"]') 元素可见.
2022-03-25 14:29:14,243-【basepage.py-->line:95】-INFO:在 商户管理页面-- 输入手机号 查找元素：('xpath', '//input[@placeholder="请输入手机号码"]').
2022-03-25 14:29:14,247-【basepage.py-->line:122】-INFO:在 商户管理页面-- 输入手机号 往元素 ('xpath', '//input[@placeholder="请输入手机号码"]') 输入文本值：17608011573.
2022-03-25 14:29:14,310-【basepage.py-->line:73】-INFO:等待 ('xpath', '//div[@class="el-input el-input--medium"]//input[@placeholder="请输入姓名"]') 元素可见.
2022-03-25 14:29:14,326-【basepage.py-->line:95】-INFO:在 商户管理页面-- 输入名称 查找元素：('xpath', '//div[@class="el-input el-input--medium"]//input[@placeholder="请输入姓名"]').
2022-03-25 14:29:14,330-【basepage.py-->line:122】-INFO:在 商户管理页面-- 输入名称 往元素 ('xpath', '//div[@class="el-input el-input--medium"]//input[@placeholder="请输入姓名"]') 输入文本值：六六六.
2022-03-25 14:29:15,362-【basepage.py-->line:73】-INFO:等待 ('xpath', '//span[text()="确 定"]') 元素可见.
2022-03-25 14:29:15,377-【basepage.py-->line:95】-INFO:在 商户管理页面-- 点击确定 查找元素：('xpath', '//span[text()="确 定"]').
2022-03-25 14:29:15,383-【basepage.py-->line:110】-INFO:在 商户管理页面-- 点击确定 点击('xpath', '//span[text()="确 定"]')元素.
2022-03-25 14:29:15,406-【basepage.py-->line:73】-INFO:等待 ('xpath', '//*[@id="app"]/div/div[2]/section/div/div[2]/div[3]/table/tbody/tr/td[6]/div/button[1]/span') 元素可见.
2022-03-25 14:29:15,420-【basepage.py-->line:95】-INFO:在 商户管理页面-- 点击修改按钮 查找元素：('xpath', '//*[@id="app"]/div/div[2]/section/div/div[2]/div[3]/table/tbody/tr/td[6]/div/button[1]/span').
2022-03-25 14:29:15,424-【basepage.py-->line:110】-INFO:在 商户管理页面-- 点击修改按钮 点击('xpath', '//*[@id="app"]/div/div[2]/section/div/div[2]/div[3]/table/tbody/tr/td[6]/div/button[1]/span')元素.
2022-03-25 14:29:15,837-【basepage.py-->line:73】-INFO:等待 ('xpath', '//div[@class="el-input el-input--medium"]//input[@placeholder="请输入姓名"]') 元素可见.
2022-03-25 14:29:16,357-【basepage.py-->line:95】-INFO:在 商户管理页面-- 输入名称 查找元素：('xpath', '//div[@class="el-input el-input--medium"]//input[@placeholder="请输入姓名"]').
2022-03-25 14:29:16,361-【basepage.py-->line:122】-INFO:在 商户管理页面-- 输入名称 往元素 ('xpath', '//div[@class="el-input el-input--medium"]//input[@placeholder="请输入姓名"]') 输入文本值：七七七.
2022-03-25 14:29:16,380-【basepage.py-->line:73】-INFO:等待 ('xpath', '//span[text()="确 定"]') 元素可见.
2022-03-25 14:29:16,391-【basepage.py-->line:95】-INFO:在 商户管理页面-- 点击确定 查找元素：('xpath', '//span[text()="确 定"]').
2022-03-25 14:29:16,396-【basepage.py-->line:110】-INFO:在 商户管理页面-- 点击确定 点击('xpath', '//span[text()="确 定"]')元素.
2022-03-25 14:29:17,411-【basepage.py-->line:73】-INFO:等待 ('xpath', '//div[text()="六六六七七七"]') 元素可见.
2022-03-25 14:29:17,425-【basepage.py-->line:95】-INFO:在 商户管理页面-- 修改后判断 获取名称 查找元素：('xpath', '//div[text()="六六六七七七"]').
2022-03-25 14:29:17,429-【basepage.py-->line:149】-INFO:在 商户管理页面-- 修改后判断 获取名称 获取元素 ('xpath', '//div[text()="六六六七七七"]') 的文本内容.
2022-03-25 14:29:17,437-【basepage.py-->line:157】-INFO:文本值为：六六六七七七
2022-03-25 14:29:17,438-【basepage.py-->line:73】-INFO:等待 ('xpath', '//*[@id="app"]/div/div[2]/section/div/div[2]/div[3]/table/tbody/tr/td[6]/div/button[2]/span') 元素可见.
2022-03-25 14:29:17,451-【basepage.py-->line:95】-INFO:在 商户管理页面--点击删除按钮 查找元素：('xpath', '//*[@id="app"]/div/div[2]/section/div/div[2]/div[3]/table/tbody/tr/td[6]/div/button[2]/span').
2022-03-25 14:29:17,455-【basepage.py-->line:110】-INFO:在 商户管理页面--点击删除按钮 点击('xpath', '//*[@id="app"]/div/div[2]/section/div/div[2]/div[3]/table/tbody/tr/td[6]/div/button[2]/span')元素.
2022-03-25 14:29:18,487-【basepage.py-->line:73】-INFO:等待 ('xpath', '/html/body/div[4]/div/div[3]/button[2]/span') 元素可见.
2022-03-25 14:29:19,006-【basepage.py-->line:95】-INFO:在 商户管理页面-- 删除确定 查找元素：('xpath', '/html/body/div[4]/div/div[3]/button[2]/span').
2022-03-25 14:29:19,010-【basepage.py-->line:110】-INFO:在 商户管理页面-- 删除确定 点击('xpath', '/html/body/div[4]/div/div[3]/button[2]/span')元素.
