2022-03-25 14:39:58,927-【basepage.py-->line:95】-INFO:在 登录页面--清除密码 查找元素：('xpath', '//input[@placeholder="密码"]').
2022-03-25 14:39:58,960-【basepage.py-->line:73】-INFO:等待 ('xpath', '//input[@placeholder="密码"]') 元素可见.
2022-03-25 14:39:58,975-【basepage.py-->line:95】-INFO:在 登录页面--输入密码 查找元素：('xpath', '//input[@placeholder="密码"]').
2022-03-25 14:39:58,980-【basepage.py-->line:122】-INFO:在 登录页面--输入密码 往元素 ('xpath', '//input[@placeholder="密码"]') 输入文本值：admin.123.
2022-03-25 14:39:59,031-【basepage.py-->line:73】-INFO:等待 ('xpath', '//input[@placeholder="验证码"]') 元素可见.
2022-03-25 14:39:59,071-【basepage.py-->line:95】-INFO:在 登录页面--输入验证码 查找元素：('xpath', '//input[@placeholder="验证码"]').
2022-03-25 14:39:59,076-【basepage.py-->line:122】-INFO:在 登录页面--输入验证码 往元素 ('xpath', '//input[@placeholder="验证码"]') 输入文本值：0000.
2022-03-25 14:39:59,113-【basepage.py-->line:73】-INFO:等待 ('xpath', '//button[@type="button"]') 元素可见.
2022-03-25 14:39:59,127-【basepage.py-->line:95】-INFO:在 登录页面--点击登录按钮 查找元素：('xpath', '//button[@type="button"]').
2022-03-25 14:39:59,131-【basepage.py-->line:110】-INFO:在 登录页面--点击登录按钮 点击('xpath', '//button[@type="button"]')元素.
2022-03-25 14:40:00,158-【basepage.py-->line:73】-INFO:等待 ('xpath', '//span[text()="商品管理"]') 元素可见.
2022-03-25 14:40:00,174-【basepage.py-->line:95】-INFO:在 首页-点击进入商品管理 查找元素：('xpath', '//span[text()="商品管理"]').
2022-03-25 14:40:00,178-【basepage.py-->line:110】-INFO:在 首页-点击进入商品管理 点击('xpath', '//span[text()="商品管理"]')元素.
2022-03-25 14:40:00,214-【basepage.py-->line:73】-INFO:等待 ('xpath', '//*[@id="app"]/div/div[1]/div[2]/div[1]/div/ul/div[5]/li/ul/div[1]/a/li') 元素可见.
2022-03-25 14:40:00,230-【basepage.py-->line:95】-INFO:在 首页--点击进入商户管理 查找元素：('xpath', '//*[@id="app"]/div/div[1]/div[2]/div[1]/div/ul/div[5]/li/ul/div[1]/a/li').
2022-03-25 14:40:00,236-【basepage.py-->line:110】-INFO:在 首页--点击进入商户管理 点击('xpath', '//*[@id="app"]/div/div[1]/div[2]/div[1]/div/ul/div[5]/li/ul/div[1]/a/li')元素.
2022-03-25 14:40:00,273-【basepage.py-->line:73】-INFO:等待 ('xpath', "//input[@placeholder='请输入商户名称']") 元素可见.
2022-03-25 14:40:01,298-【basepage.py-->line:95】-INFO:在 商户管理页面--输入商户名称 查找元素：('xpath', "//input[@placeholder='请输入商户名称']").
2022-03-25 14:40:01,319-【basepage.py-->line:122】-INFO:在 商户管理页面--输入商户名称 往元素 ('xpath', "//input[@placeholder='请输入商户名称']") 输入文本值：（测试）甜品店.
2022-03-25 14:40:01,360-【basepage.py-->line:73】-INFO:等待 ('xpath', "//span[text()='搜索']") 元素可见.
2022-03-25 14:40:01,377-【basepage.py-->line:95】-INFO:在 商户管理页面-- 点击搜索 查找元素：('xpath', "//span[text()='搜索']").
2022-03-25 14:40:01,382-【basepage.py-->line:110】-INFO:在 商户管理页面-- 点击搜索 点击('xpath', "//span[text()='搜索']")元素.
2022-03-25 14:40:03,441-【basepage.py-->line:73】-INFO:等待 ('xpath', "//span[@class='el-pagination__total']") 元素可见.
2022-03-25 14:40:03,455-【basepage.py-->line:95】-INFO:在 商户管理页面-- 获取数目条数 查找元素：('xpath', "//span[@class='el-pagination__total']").
2022-03-25 14:40:03,459-【basepage.py-->line:149】-INFO:在 商户管理页面-- 获取数目条数 获取元素 ('xpath', "//span[@class='el-pagination__total']") 的文本内容.
2022-03-25 14:40:03,467-【basepage.py-->line:157】-INFO:文本值为：共 1 条
