2022-04-15 15:12:32,076-【basepage.py-->line:95】-INFO:在 登录页面--清除密码 查找元素：('xpath', '//input[@placeholder="密码"]').
2022-04-15 15:12:32,111-【basepage.py-->line:73】-INFO:等待 ('xpath', '//input[@placeholder="密码"]') 元素可见.
2022-04-15 15:12:32,128-【basepage.py-->line:95】-INFO:在 登录页面--输入密码 查找元素：('xpath', '//input[@placeholder="密码"]').
2022-04-15 15:12:32,133-【basepage.py-->line:122】-INFO:在 登录页面--输入密码 往元素 ('xpath', '//input[@placeholder="密码"]') 输入文本值：admin.123.
2022-04-15 15:12:32,189-【basepage.py-->line:73】-INFO:等待 ('xpath', '//input[@placeholder="验证码"]') 元素可见.
2022-04-15 15:12:32,206-【basepage.py-->line:95】-INFO:在 登录页面--输入验证码 查找元素：('xpath', '//input[@placeholder="验证码"]').
2022-04-15 15:12:32,210-【basepage.py-->line:122】-INFO:在 登录页面--输入验证码 往元素 ('xpath', '//input[@placeholder="验证码"]') 输入文本值：0000.
2022-04-15 15:12:32,248-【basepage.py-->line:73】-INFO:等待 ('xpath', '//button[@type="button"]') 元素可见.
2022-04-15 15:12:32,262-【basepage.py-->line:95】-INFO:在 登录页面--点击登录按钮 查找元素：('xpath', '//button[@type="button"]').
2022-04-15 15:12:32,267-【basepage.py-->line:110】-INFO:在 登录页面--点击登录按钮 点击('xpath', '//button[@type="button"]')元素.
2022-04-15 15:12:32,295-【basepage.py-->line:73】-INFO:等待 ('xpath', '//span[text()="城市食堂"]') 元素可见.
2022-04-15 15:12:32,817-【basepage.py-->line:95】-INFO:在 首页-- 点击城市食堂 查找元素：('xpath', '//span[text()="城市食堂"]').
2022-04-15 15:12:32,822-【basepage.py-->line:110】-INFO:在 首页-- 点击城市食堂 点击('xpath', '//span[text()="城市食堂"]')元素.
2022-04-15 15:12:32,853-【basepage.py-->line:73】-INFO:等待 ('xpath', '//span[text()="企业管理"]') 元素可见.
2022-04-15 15:12:33,380-【basepage.py-->line:95】-INFO:在 城市食堂-企业管理页面-- 进入企业管理 查找元素：('xpath', '//span[text()="企业管理"]').
2022-04-15 15:12:33,385-【basepage.py-->line:110】-INFO:在 城市食堂-企业管理页面-- 进入企业管理 点击('xpath', '//span[text()="企业管理"]')元素.
2022-04-15 15:12:33,413-【basepage.py-->line:73】-INFO:等待 ('xpath', '//span[text()="新增"]') 元素可见.
2022-04-15 15:12:34,440-【basepage.py-->line:95】-INFO:在 城市食堂-企业管理页面-- 点击添加企业 查找元素：('xpath', '//span[text()="新增"]').
2022-04-15 15:12:34,447-【basepage.py-->line:110】-INFO:在 城市食堂-企业管理页面-- 点击添加企业 点击('xpath', '//span[text()="新增"]')元素.
2022-04-15 15:12:35,013-【basepage.py-->line:73】-INFO:等待 ('xpath', '//*[@id="app"]/div/div[2]/section/div/form/div[1]/div/div[1]/input') 元素可见.
2022-04-15 15:12:35,576-【basepage.py-->line:95】-INFO:在 城市食堂-企业管理页面-- 输入企业名称 查找元素：('xpath', '//*[@id="app"]/div/div[2]/section/div/form/div[1]/div/div[1]/input').
2022-04-15 15:12:35,581-【basepage.py-->line:122】-INFO:在 城市食堂-企业管理页面-- 输入企业名称 往元素 ('xpath', '//*[@id="app"]/div/div[2]/section/div/form/div[1]/div/div[1]/input') 输入文本值：(测试)阿里baba.
2022-04-15 15:12:36,169-【basepage.py-->line:73】-INFO:等待 ('xpath', '//*[@id="app"]/div/div[2]/section/div/form/div[2]/div/div/input') 元素可见.
2022-04-15 15:12:36,184-【basepage.py-->line:95】-INFO:在 城市食堂-企业管理页面-- 输入企业地址 查找元素：('xpath', '//*[@id="app"]/div/div[2]/section/div/form/div[2]/div/div/input').
2022-04-15 15:12:36,188-【basepage.py-->line:122】-INFO:在 城市食堂-企业管理页面-- 输入企业地址 往元素 ('xpath', '//*[@id="app"]/div/div[2]/section/div/form/div[2]/div/div/input') 输入文本值：四川.
2022-04-15 15:12:37,227-【basepage.py-->line:73】-INFO:等待 ('xpath', '//*[@id="app"]/div/div[2]/section/div/form/div[5]/div/div/input') 元素可见.
2022-04-15 15:12:37,243-【basepage.py-->line:95】-INFO:在 城市食堂-企业管理页面-- 输入法人姓名 查找元素：('xpath', '//*[@id="app"]/div/div[2]/section/div/form/div[5]/div/div/input').
2022-04-15 15:12:37,248-【basepage.py-->line:122】-INFO:在 城市食堂-企业管理页面-- 输入法人姓名 往元素 ('xpath', '//*[@id="app"]/div/div[2]/section/div/form/div[5]/div/div/input') 输入文本值：小刘.
2022-04-15 15:12:38,287-【basepage.py-->line:73】-INFO:等待 ('xpath', '//*[@id="app"]/div/div[2]/section/div/form/div[7]/div/div/div[1]/div') 元素可见.
2022-04-15 15:12:38,301-【basepage.py-->line:73】-INFO:等待 ('xpath', '//*[@id="app"]/div/div[2]/section/div/form/div[7]/div/div/div[1]/div') 元素可见.
2022-04-15 15:12:38,311-【basepage.py-->line:95】-INFO:在 城市食堂-企业管理页面-- 上传营业执照 查找元素：('xpath', '//*[@id="app"]/div/div[2]/section/div/form/div[7]/div/div/div[1]/div').
2022-04-15 15:12:38,316-【basepage.py-->line:110】-INFO:在 城市食堂-企业管理页面-- 上传营业执照 点击('xpath', '//*[@id="app"]/div/div[2]/section/div/form/div[7]/div/div/div[1]/div')元素.
2022-04-15 15:12:45,813-【basepage.py-->line:73】-INFO:等待 ('xpath', '//*[@id="app"]/div/div[2]/section/div/form/div[8]/div[1]/div/div/div[1]/div') 元素可见.
2022-04-15 15:12:45,830-【basepage.py-->line:73】-INFO:等待 ('xpath', '//*[@id="app"]/div/div[2]/section/div/form/div[8]/div[1]/div/div/div[1]/div') 元素可见.
2022-04-15 15:12:45,845-【basepage.py-->line:95】-INFO:在 城市食堂-企业管理页面--上传身份证反面1 查找元素：('xpath', '//*[@id="app"]/div/div[2]/section/div/form/div[8]/div[1]/div/div/div[1]/div').
2022-04-15 15:12:45,849-【basepage.py-->line:110】-INFO:在 城市食堂-企业管理页面--上传身份证反面1 点击('xpath', '//*[@id="app"]/div/div[2]/section/div/form/div[8]/div[1]/div/div/div[1]/div')元素.
2022-04-15 15:12:53,330-【basepage.py-->line:73】-INFO:等待 ('xpath', '//*[@id="app"]/div/div[2]/section/div/form/div[8]/div[2]/div/div/div[1]/div') 元素可见.
2022-04-15 15:12:53,345-【basepage.py-->line:73】-INFO:等待 ('xpath', '//*[@id="app"]/div/div[2]/section/div/form/div[8]/div[2]/div/div/div[1]/div') 元素可见.
2022-04-15 15:12:53,356-【basepage.py-->line:95】-INFO:在 城市食堂-企业管理页面--上传身份证反面 查找元素：('xpath', '//*[@id="app"]/div/div[2]/section/div/form/div[8]/div[2]/div/div/div[1]/div').
2022-04-15 15:12:53,360-【basepage.py-->line:110】-INFO:在 城市食堂-企业管理页面--上传身份证反面 点击('xpath', '//*[@id="app"]/div/div[2]/section/div/form/div[8]/div[2]/div/div/div[1]/div')元素.
2022-04-15 15:13:00,850-【basepage.py-->line:73】-INFO:等待 ('xpath', '//*[@id="app"]/div/div[2]/section/div/form/div[9]/div/div/input') 元素可见.
2022-04-15 15:13:00,864-【basepage.py-->line:95】-INFO:在 城市食堂-企业管理页面-- 输入开户行 查找元素：('xpath', '//*[@id="app"]/div/div[2]/section/div/form/div[9]/div/div/input').
2022-04-15 15:13:00,869-【basepage.py-->line:122】-INFO:在 城市食堂-企业管理页面-- 输入开户行 往元素 ('xpath', '//*[@id="app"]/div/div[2]/section/div/form/div[9]/div/div/input') 输入文本值：成都很行.
2022-04-15 15:13:00,922-【basepage.py-->line:73】-INFO:等待 ('xpath', '//*[@id="app"]/div/div[2]/section/div/form/div[10]/div/div/input') 元素可见.
2022-04-15 15:13:00,937-【basepage.py-->line:95】-INFO:在 城市食堂-企业管理页面-- 输入银行卡号 查找元素：('xpath', '//*[@id="app"]/div/div[2]/section/div/form/div[10]/div/div/input').
2022-04-15 15:13:00,941-【basepage.py-->line:122】-INFO:在 城市食堂-企业管理页面-- 输入银行卡号 往元素 ('xpath', '//*[@id="app"]/div/div[2]/section/div/form/div[10]/div/div/input') 输入文本值：6203156156987456.
2022-04-15 15:13:01,057-【basepage.py-->line:73】-INFO:等待 ('xpath', '//span[text()="立即创建"]') 元素可见.
2022-04-15 15:13:01,073-【basepage.py-->line:95】-INFO:在 城市食堂-企业管理页面-- 点击创建 查找元素：('xpath', '//span[text()="立即创建"]').
2022-04-15 15:13:01,078-【basepage.py-->line:110】-INFO:在 城市食堂-企业管理页面-- 点击创建 点击('xpath', '//span[text()="立即创建"]')元素.
2022-04-15 15:13:01,111-【basepage.py-->line:73】-INFO:等待 ('xpath', '//span[text()="新增"]') 元素可见.
2022-04-15 15:13:02,147-【basepage.py-->line:95】-INFO:在 城市食堂-企业管理页面-- 点击添加企业 查找元素：('xpath', '//span[text()="新增"]').
2022-04-15 15:13:02,153-【basepage.py-->line:149】-INFO:在 城市食堂-企业管理页面-- 点击添加企业 获取元素 ('xpath', '//span[text()="新增"]') 的文本内容.
2022-04-15 15:13:02,161-【basepage.py-->line:157】-INFO:文本值为：新增
