2022-03-25 14:33:34,242-【basepage.py-->line:95】-INFO:在 登录页面--清除密码 查找元素：('xpath', '//input[@placeholder="密码"]').
2022-03-25 14:33:34,275-【basepage.py-->line:73】-INFO:等待 ('xpath', '//input[@placeholder="密码"]') 元素可见.
2022-03-25 14:33:34,290-【basepage.py-->line:95】-INFO:在 登录页面--输入密码 查找元素：('xpath', '//input[@placeholder="密码"]').
2022-03-25 14:33:34,295-【basepage.py-->line:122】-INFO:在 登录页面--输入密码 往元素 ('xpath', '//input[@placeholder="密码"]') 输入文本值：admin.123.
2022-03-25 14:33:34,348-【basepage.py-->line:73】-INFO:等待 ('xpath', '//input[@placeholder="验证码"]') 元素可见.
2022-03-25 14:33:34,364-【basepage.py-->line:95】-INFO:在 登录页面--输入验证码 查找元素：('xpath', '//input[@placeholder="验证码"]').
2022-03-25 14:33:34,368-【basepage.py-->line:122】-INFO:在 登录页面--输入验证码 往元素 ('xpath', '//input[@placeholder="验证码"]') 输入文本值：0000.
2022-03-25 14:33:34,405-【basepage.py-->line:73】-INFO:等待 ('xpath', '//button[@type="button"]') 元素可见.
2022-03-25 14:33:34,419-【basepage.py-->line:95】-INFO:在 登录页面--点击登录按钮 查找元素：('xpath', '//button[@type="button"]').
2022-03-25 14:33:34,423-【basepage.py-->line:110】-INFO:在 登录页面--点击登录按钮 点击('xpath', '//button[@type="button"]')元素.
2022-03-25 14:33:35,450-【basepage.py-->line:73】-INFO:等待 ('xpath', '//span[text()="商品管理"]') 元素可见.
2022-03-25 14:33:35,805-【basepage.py-->line:95】-INFO:在 首页-点击进入商品管理 查找元素：('xpath', '//span[text()="商品管理"]').
2022-03-25 14:33:35,824-【basepage.py-->line:110】-INFO:在 首页-点击进入商品管理 点击('xpath', '//span[text()="商品管理"]')元素.
2022-03-25 14:33:35,890-【basepage.py-->line:73】-INFO:等待 ('xpath', "//span[text()='订单管理']") 元素可见.
2022-03-25 14:33:36,423-【basepage.py-->line:95】-INFO:在 首页--点击进入订单管理 查找元素：('xpath', "//span[text()='订单管理']").
2022-03-25 14:33:36,428-【basepage.py-->line:110】-INFO:在 首页--点击进入订单管理 点击('xpath', "//span[text()='订单管理']")元素.
2022-03-25 14:33:36,468-【basepage.py-->line:73】-INFO:等待 ('xpath', "//input[@placeholder='请输入用户账号']") 元素可见.
2022-03-25 14:33:37,497-【basepage.py-->line:95】-INFO:在 订单管理页面--使用用户账号搜索 查找元素：('xpath', "//input[@placeholder='请输入用户账号']").
2022-03-25 14:33:37,504-【basepage.py-->line:122】-INFO:在 订单管理页面--使用用户账号搜索 往元素 ('xpath', "//input[@placeholder='请输入用户账号']") 输入文本值：17608001573555.
2022-03-25 14:33:37,645-【basepage.py-->line:73】-INFO:等待 ('xpath', "//span[text()='搜索']") 元素可见.
2022-03-25 14:33:37,663-【basepage.py-->line:95】-INFO:在 订单管理页面--点击 搜索 按钮 查找元素：('xpath', "//span[text()='搜索']").
2022-03-25 14:33:37,669-【basepage.py-->line:110】-INFO:在 订单管理页面--点击 搜索 按钮 点击('xpath', "//span[text()='搜索']")元素.
2022-03-25 14:33:38,719-【basepage.py-->line:73】-INFO:等待 ('xpath', '//span[@class="el-pagination__total"]') 元素可见.
