2022-03-25 14:36:45,847-【basepage.py-->line:95】-INFO:在 登录页面--清除密码 查找元素：('xpath', '//input[@placeholder="密码"]').
2022-03-25 14:36:45,881-【basepage.py-->line:73】-INFO:等待 ('xpath', '//input[@placeholder="密码"]') 元素可见.
2022-03-25 14:36:45,897-【basepage.py-->line:95】-INFO:在 登录页面--输入密码 查找元素：('xpath', '//input[@placeholder="密码"]').
2022-03-25 14:36:45,902-【basepage.py-->line:122】-INFO:在 登录页面--输入密码 往元素 ('xpath', '//input[@placeholder="密码"]') 输入文本值：admin.123.
2022-03-25 14:36:45,954-【basepage.py-->line:73】-INFO:等待 ('xpath', '//input[@placeholder="验证码"]') 元素可见.
2022-03-25 14:36:45,977-【basepage.py-->line:95】-INFO:在 登录页面--输入验证码 查找元素：('xpath', '//input[@placeholder="验证码"]').
2022-03-25 14:36:45,981-【basepage.py-->line:122】-INFO:在 登录页面--输入验证码 往元素 ('xpath', '//input[@placeholder="验证码"]') 输入文本值：0000.
2022-03-25 14:36:46,018-【basepage.py-->line:73】-INFO:等待 ('xpath', '//button[@type="button"]') 元素可见.
2022-03-25 14:36:46,032-【basepage.py-->line:95】-INFO:在 登录页面--点击登录按钮 查找元素：('xpath', '//button[@type="button"]').
2022-03-25 14:36:46,037-【basepage.py-->line:110】-INFO:在 登录页面--点击登录按钮 点击('xpath', '//button[@type="button"]')元素.
2022-03-25 14:36:47,062-【basepage.py-->line:73】-INFO:等待 ('xpath', '//span[text()="商品管理"]') 元素可见.
2022-03-25 14:36:47,076-【basepage.py-->line:95】-INFO:在 首页-点击进入商品管理 查找元素：('xpath', '//span[text()="商品管理"]').
2022-03-25 14:36:47,081-【basepage.py-->line:110】-INFO:在 首页-点击进入商品管理 点击('xpath', '//span[text()="商品管理"]')元素.
2022-03-25 14:36:47,114-【basepage.py-->line:73】-INFO:等待 ('xpath', '//*[@id="app"]/div/div[1]/div[2]/div[1]/div/ul/div[5]/li/ul/div[1]/a/li') 元素可见.
2022-03-25 14:36:47,642-【basepage.py-->line:95】-INFO:在 首页--点击进入商户管理 查找元素：('xpath', '//*[@id="app"]/div/div[1]/div[2]/div[1]/div/ul/div[5]/li/ul/div[1]/a/li').
2022-03-25 14:36:47,646-【basepage.py-->line:110】-INFO:在 首页--点击进入商户管理 点击('xpath', '//*[@id="app"]/div/div[1]/div[2]/div[1]/div/ul/div[5]/li/ul/div[1]/a/li')元素.
2022-03-25 14:36:47,676-【basepage.py-->line:73】-INFO:等待 ('xpath', "//input[@placeholder='请输入商务名称']") 元素可见.
2022-03-25 14:36:48,709-【basepage.py-->line:95】-INFO:在 商户管理页面-- 输入 所属商务名称 查找元素：('xpath', "//input[@placeholder='请输入商务名称']").
2022-03-25 14:36:48,714-【basepage.py-->line:122】-INFO:在 商户管理页面-- 输入 所属商务名称 往元素 ('xpath', "//input[@placeholder='请输入商务名称']") 输入文本值：小王.
2022-03-25 14:36:48,780-【basepage.py-->line:73】-INFO:等待 ('xpath', "//span[text()='搜索']") 元素可见.
2022-03-25 14:36:48,797-【basepage.py-->line:95】-INFO:在 商户管理页面-- 点击搜索 查找元素：('xpath', "//span[text()='搜索']").
2022-03-25 14:36:48,803-【basepage.py-->line:110】-INFO:在 商户管理页面-- 点击搜索 点击('xpath', "//span[text()='搜索']")元素.
2022-03-25 14:36:50,868-【basepage.py-->line:73】-INFO:等待 ('xpath', "//span[@class='el-pagination__total']") 元素可见.
2022-03-25 14:36:50,882-【basepage.py-->line:95】-INFO:在 商户管理页面-- 获取数目条数 查找元素：('xpath', "//span[@class='el-pagination__total']").
2022-03-25 14:36:50,887-【basepage.py-->line:149】-INFO:在 商户管理页面-- 获取数目条数 获取元素 ('xpath', "//span[@class='el-pagination__total']") 的文本内容.
2022-03-25 14:36:50,895-【basepage.py-->line:157】-INFO:文本值为：共 1 条
